<?xml version="1.0" encoding="UTF-8"?>
<robot generator="Robot 3.1.2 (Python 3.8.2 on win32)" generated="20200512 10:13:53.373" rpa="false">
<suite id="s1" name="ProjectBooking" source="C:\Users\lina\PycharmProjects\ProjectBooking (1)\ProjectBooking\Tests\ProjectBooking.robot">
<test id="s1-t1" name="User can book A Room WEB8-21">
<kw name="Begin Web Test" library="keywords" type="setup">
<kw name="Open Browser" library="SeleniumLibrary">
<doc>Opens a new browser instance to the optional ``url``.</doc>
<arguments>
<arg>about:blank</arg>
<arg>${BROWSER}</arg>
</arguments>
<msg timestamp="20200512 10:13:54.064" level="INFO">Opening browser 'chrome' to base url 'about:blank'.</msg>
<status status="PASS" starttime="20200512 10:13:54.064" endtime="20200512 10:13:58.296"></status>
</kw>
<kw name="Maximize Browser Window" library="SeleniumLibrary">
<doc>Maximizes current browser window.</doc>
<status status="PASS" starttime="20200512 10:13:58.296" endtime="20200512 10:14:00.438"></status>
</kw>
<kw name="Set Selenium Speed" library="SeleniumLibrary">
<doc>Sets the delay that is waited after each Selenium command.</doc>
<arguments>
<arg>0.2</arg>
</arguments>
<status status="PASS" starttime="20200512 10:14:00.439" endtime="20200512 10:14:00.440"></status>
</kw>
<status status="PASS" starttime="20200512 10:13:54.063" endtime="20200512 10:14:00.440"></status>
</kw>
<kw name="Given User log in to Webpage" library="keywords">
<kw name="Go to Web Page" library="keywords">
<kw name="Load Page" library="keywords">
<kw name="Go To" library="SeleniumLibrary">
<doc>Navigates the current browser window to the provided ``url``.</doc>
<arguments>
<arg>${URL}</arg>
</arguments>
<msg timestamp="20200512 10:14:00.444" level="INFO">Opening url 'https://localhost:44321/'</msg>
<status status="PASS" starttime="20200512 10:14:00.443" endtime="20200512 10:14:02.518"></status>
</kw>
<status status="PASS" starttime="20200512 10:14:00.443" endtime="20200512 10:14:02.518"></status>
</kw>
<kw name="Verify Page Loaded" library="keywords">
<kw name="Get Text" library="SeleniumLibrary">
<doc>Returns the text value of the element identified by ``locator``.</doc>
<arguments>
<arg>xpath:/html/body/div/main/div[1]/h2</arg>
</arguments>
<assign>
<var>${link_text}</var>
</assign>
<msg timestamp="20200512 10:14:02.974" level="INFO">${link_text} = Welcome to Project Booking</msg>
<status status="PASS" starttime="20200512 10:14:02.519" endtime="20200512 10:14:02.974"></status>
</kw>
<kw name="Should Be Equal" library="BuiltIn">
<doc>Fails if the given objects are unequal.</doc>
<arguments>
<arg>${link_text}</arg>
<arg>Welcome to Project Booking</arg>
</arguments>
<status status="PASS" starttime="20200512 10:14:02.974" endtime="20200512 10:14:02.975"></status>
</kw>
<status status="PASS" starttime="20200512 10:14:02.519" endtime="20200512 10:14:02.975"></status>
</kw>
<status status="PASS" starttime="20200512 10:14:00.442" endtime="20200512 10:14:02.975"></status>
</kw>
<kw name="Input email and password" library="keywords">
<kw name="Click Element" library="SeleniumLibrary">
<doc>Click the element identified by ``locator``.</doc>
<arguments>
<arg>xpath://*[@id="login"]</arg>
</arguments>
<msg timestamp="20200512 10:14:02.977" level="INFO">Clicking element 'xpath://*[@id="login"]'.</msg>
<status status="PASS" starttime="20200512 10:14:02.976" endtime="20200512 10:14:04.260"></status>
</kw>
<kw name="Verfy login page Loaded" library="keywords">
<kw name="Get Text" library="SeleniumLibrary">
<doc>Returns the text value of the element identified by ``locator``.</doc>
<arguments>
<arg>xpath:/html/body/div/main/h1</arg>
</arguments>
<assign>
<var>${link_text}</var>
</assign>
<msg timestamp="20200512 10:14:04.725" level="INFO">${link_text} = Log In</msg>
<status status="PASS" starttime="20200512 10:14:04.261" endtime="20200512 10:14:04.725"></status>
</kw>
<kw name="Should Be Equal" library="BuiltIn">
<doc>Fails if the given objects are unequal.</doc>
<arguments>
<arg>${link_text}</arg>
<arg>Log In</arg>
</arguments>
<status status="PASS" starttime="20200512 10:14:04.725" endtime="20200512 10:14:04.726"></status>
</kw>
<status status="PASS" starttime="20200512 10:14:04.260" endtime="20200512 10:14:04.726"></status>
</kw>
<kw name="Enter Email_login" library="keywords">
<arguments>
<arg>${email}</arg>
</arguments>
<kw name="Input Text" library="SeleniumLibrary">
<doc>Types the given ``text`` into the text field identified by ``locator``.</doc>
<arguments>
<arg>id:Input_Email</arg>
<arg>${search_term}</arg>
</arguments>
<msg timestamp="20200512 10:14:04.728" level="INFO">Typing text 'goodwhether@123.com' into text field 'id:Input_Email'.</msg>
<status status="PASS" starttime="20200512 10:14:04.727" endtime="20200512 10:14:05.849"></status>
</kw>
<status status="PASS" starttime="20200512 10:14:04.727" endtime="20200512 10:14:05.849"></status>
</kw>
<kw name="Enter Password_login" library="keywords">
<arguments>
<arg>${password}</arg>
</arguments>
<kw name="Input Text" library="SeleniumLibrary">
<doc>Types the given ``text`` into the text field identified by ``locator``.</doc>
<arguments>
<arg>id:Input_Password</arg>
<arg>${search_term}</arg>
</arguments>
<msg timestamp="20200512 10:14:05.851" level="INFO">Typing text 'Helloworld123:)' into text field 'id:Input_Password'.</msg>
<status status="PASS" starttime="20200512 10:14:05.850" endtime="20200512 10:14:06.766"></status>
</kw>
<status status="PASS" starttime="20200512 10:14:05.849" endtime="20200512 10:14:06.766"></status>
</kw>
<kw name="Click Button" library="SeleniumLibrary">
<doc>Clicks the button identified by ``locator``.</doc>
<arguments>
<arg>xpath://*[@id="account"]/div[5]/button</arg>
</arguments>
<msg timestamp="20200512 10:14:06.767" level="INFO">Clicking button 'xpath://*[@id="account"]/div[5]/button'.</msg>
<status status="PASS" starttime="20200512 10:14:06.766" endtime="20200512 10:14:09.199"></status>
</kw>
<status status="PASS" starttime="20200512 10:14:02.976" endtime="20200512 10:14:09.199"></status>
</kw>
<kw name="Log in success" library="keywords">
<kw name="Page Should Contain Button" library="SeleniumLibrary">
<doc>Verifies button ``locator`` is found from current page.</doc>
<arguments>
<arg>xpath://*[@id="logout"]</arg>
</arguments>
<msg timestamp="20200512 10:14:10.288" level="INFO">Current page contains button 'xpath://*[@id="logout"]'.</msg>
<status status="PASS" starttime="20200512 10:14:09.201" endtime="20200512 10:14:10.288"></status>
</kw>
<status status="PASS" starttime="20200512 10:14:09.200" endtime="20200512 10:14:10.288"></status>
</kw>
<status status="PASS" starttime="20200512 10:14:00.441" endtime="20200512 10:14:10.289"></status>
</kw>
<kw name="and User Go Into A Hotel WEB8-21" library="keywords">
<arguments>
<arg>Euroway Hotel</arg>
</arguments>
<kw name="Click Element" library="SeleniumLibrary">
<doc>Click the element identified by ``locator``.</doc>
<arguments>
<arg>xpath:/html/body/div/main/div[3]/div[1]/div/div[1]/h4/a</arg>
</arguments>
<msg timestamp="20200512 10:14:10.291" level="INFO">Clicking element 'xpath:/html/body/div/main/div[3]/div[1]/div/div[1]/h4/a'.</msg>
<status status="PASS" starttime="20200512 10:14:10.290" endtime="20200512 10:14:11.499"></status>
</kw>
<kw name="Verify Hotel Page Loaded WEB8-21" library="keywords">
<arguments>
<arg>${hotelName}</arg>
</arguments>
<kw name="Get Text" library="SeleniumLibrary">
<doc>Returns the text value of the element identified by ``locator``.</doc>
<arguments>
<arg>xpath:/html/body/div/main/div[1]/h1</arg>
</arguments>
<assign>
<var>${link_text}</var>
</assign>
<msg timestamp="20200512 10:14:11.958" level="INFO">${link_text} = Euroway Hotel</msg>
<status status="PASS" starttime="20200512 10:14:11.500" endtime="20200512 10:14:11.958"></status>
</kw>
<kw name="Should Be Equal" library="BuiltIn">
<doc>Fails if the given objects are unequal.</doc>
<arguments>
<arg>${link_text}</arg>
<arg>${hotelName}</arg>
</arguments>
<status status="PASS" starttime="20200512 10:14:11.958" endtime="20200512 10:14:11.959"></status>
</kw>
<status status="PASS" starttime="20200512 10:14:11.499" endtime="20200512 10:14:11.959"></status>
</kw>
<status status="PASS" starttime="20200512 10:14:10.289" endtime="20200512 10:14:11.960"></status>
</kw>
<kw name="When User Make A Booking At Hotel WEB8-21" library="keywords">
<arguments>
<arg>${firstName}</arg>
<arg>${lastName}</arg>
<arg>${numOfRooms}</arg>
<arg>Euroway Hotel</arg>
</arguments>
<kw name="Click Element" library="SeleniumLibrary">
<doc>Click the element identified by ``locator``.</doc>
<arguments>
<arg>xpath:/html/body/div/main/div[7]/a</arg>
</arguments>
<msg timestamp="20200512 10:14:11.961" level="INFO">Clicking element 'xpath:/html/body/div/main/div[7]/a'.</msg>
<status status="PASS" starttime="20200512 10:14:11.961" endtime="20200512 10:14:13.259"></status>
</kw>
<kw name="Verify Booking Page Loaded WEB8-21" library="keywords">
<arguments>
<arg>${hotelName}</arg>
</arguments>
<kw name="Get Text" library="SeleniumLibrary">
<doc>Returns the text value of the element identified by ``locator``.</doc>
<arguments>
<arg>xpath:/html/body/div/main/div[1]/h1</arg>
</arguments>
<assign>
<var>${link_text}</var>
</assign>
<msg timestamp="20200512 10:14:13.695" level="INFO">${link_text} = Euroway Hotel</msg>
<status status="PASS" starttime="20200512 10:14:13.260" endtime="20200512 10:14:13.695"></status>
</kw>
<kw name="Should Be Equal" library="BuiltIn">
<doc>Fails if the given objects are unequal.</doc>
<arguments>
<arg>${link_text}</arg>
<arg>${hotelName}</arg>
</arguments>
<status status="PASS" starttime="20200512 10:14:13.696" endtime="20200512 10:14:13.698"></status>
</kw>
<status status="PASS" starttime="20200512 10:14:13.259" endtime="20200512 10:14:13.698"></status>
</kw>
<kw name="Input Text" library="SeleniumLibrary">
<doc>Types the given ``text`` into the text field identified by ``locator``.</doc>
<arguments>
<arg>id=CurrentBooking_Name</arg>
<arg>${name}</arg>
</arguments>
<msg timestamp="20200512 10:14:13.700" level="INFO">Typing text 'Hello' into text field 'id=CurrentBooking_Name'.</msg>
<status status="PASS" starttime="20200512 10:14:13.699" endtime="20200512 10:14:14.564"></status>
</kw>
<kw name="Input Text" library="SeleniumLibrary">
<doc>Types the given ``text`` into the text field identified by ``locator``.</doc>
<arguments>
<arg>id=CurrentBooking_LastName</arg>
<arg>${lastName}</arg>
</arguments>
<msg timestamp="20200512 10:14:14.566" level="INFO">Typing text 'World' into text field 'id=CurrentBooking_LastName'.</msg>
<status status="PASS" starttime="20200512 10:14:14.565" endtime="20200512 10:14:15.404"></status>
</kw>
<kw name="Get Current Date" library="DateTime">
<doc>Returns current local or UTC time with an optional increment.</doc>
<arguments>
<arg>result_format=%m/%d/%Y</arg>
</arguments>
<assign>
<var>${CurrentDate}</var>
</assign>
<msg timestamp="20200512 10:14:15.407" level="INFO">${CurrentDate} = 05/12/2020</msg>
<status status="PASS" starttime="20200512 10:14:15.405" endtime="20200512 10:14:15.408"></status>
</kw>
<kw name="Get Current Date" library="DateTime">
<doc>Returns current local or UTC time with an optional increment.</doc>
<assign>
<var>${CurrentDate1}</var>
</assign>
<msg timestamp="20200512 10:14:15.409" level="INFO">${CurrentDate1} = 2020-05-12 10:14:15.409</msg>
<status status="PASS" starttime="20200512 10:14:15.408" endtime="20200512 10:14:15.410"></status>
</kw>
<kw name="Add Time To Date" library="DateTime">
<doc>Adds time to date and returns the resulting date.</doc>
<arguments>
<arg>${CurrentDate1}</arg>
<arg>2 days</arg>
<arg>result_format=%m/%d/%Y</arg>
</arguments>
<assign>
<var>${checkinDate}</var>
</assign>
<msg timestamp="20200512 10:14:15.435" level="INFO">${checkinDate} = 05/14/2020</msg>
<status status="PASS" starttime="20200512 10:14:15.410" endtime="20200512 10:14:15.435"></status>
</kw>
<kw name="Add Time To Date" library="DateTime">
<doc>Adds time to date and returns the resulting date.</doc>
<arguments>
<arg>${CurrentDate1}</arg>
<arg>4 days</arg>
<arg>result_format=%m/%d/%Y</arg>
</arguments>
<assign>
<var>${checkoutDate}</var>
</assign>
<msg timestamp="20200512 10:14:15.439" level="INFO">${checkoutDate} = 05/16/2020</msg>
<status status="PASS" starttime="20200512 10:14:15.437" endtime="20200512 10:14:15.440"></status>
</kw>
<kw name="Input Text" library="SeleniumLibrary">
<doc>Types the given ``text`` into the text field identified by ``locator``.</doc>
<arguments>
<arg>id=checkin</arg>
<arg>${checkinDate}</arg>
</arguments>
<msg timestamp="20200512 10:14:15.440" level="INFO">Typing text '05/14/2020' into text field 'id=checkin'.</msg>
<status status="PASS" starttime="20200512 10:14:15.440" endtime="20200512 10:14:16.284"></status>
</kw>
<kw name="Input Text" library="SeleniumLibrary">
<doc>Types the given ``text`` into the text field identified by ``locator``.</doc>
<arguments>
<arg>id=checkout</arg>
<arg>${checkoutDate}</arg>
</arguments>
<msg timestamp="20200512 10:14:16.286" level="INFO">Typing text '05/16/2020' into text field 'id=checkout'.</msg>
<status status="PASS" starttime="20200512 10:14:16.285" endtime="20200512 10:14:17.167"></status>
</kw>
<kw name="Verfy Total Days WEB8-21" library="keywords">
<kw name="Get Text" library="SeleniumLibrary">
<doc>Returns the text value of the element identified by ``locator``.</doc>
<arguments>
<arg>xpath://*[@id="days"]</arg>
</arguments>
<assign>
<var>${link_text}</var>
</assign>
<msg timestamp="20200512 10:14:17.643" level="INFO">${link_text} = NaN</msg>
<status status="PASS" starttime="20200512 10:14:17.171" endtime="20200512 10:14:17.643"></status>
</kw>
<kw name="Should Be Equal" library="BuiltIn">
<doc>Fails if the given objects are unequal.</doc>
<arguments>
<arg>${link_text}</arg>
<arg>2</arg>
</arguments>
<msg timestamp="20200512 10:14:17.644" level="FAIL">NaN != 2</msg>
<status status="FAIL" starttime="20200512 10:14:17.643" endtime="20200512 10:14:17.645"></status>
</kw>
<status status="FAIL" starttime="20200512 10:14:17.168" endtime="20200512 10:14:17.645"></status>
</kw>
<status status="FAIL" starttime="20200512 10:14:11.960" endtime="20200512 10:14:17.645"></status>
</kw>
<doc>user can book hotel room from a specific hotel</doc>
<tags>
<tag>Test 10</tag>
</tags>
<status status="FAIL" starttime="20200512 10:13:54.062" endtime="20200512 10:14:17.645" critical="yes">NaN != 2</status>
</test>
<doc>This is some basic info about the whole test suite</doc>
<status status="FAIL" starttime="20200512 10:13:53.377" endtime="20200512 10:14:17.647"></status>
</suite>
<statistics>
<total>
<stat pass="0" fail="1">Critical Tests</stat>
<stat pass="0" fail="1">All Tests</stat>
</total>
<tag>
<stat pass="0" fail="1">Test 10</stat>
</tag>
<suite>
<stat pass="0" fail="1" id="s1" name="ProjectBooking">ProjectBooking</stat>
</suite>
</statistics>
<errors>
</errors>
</robot>
