<?xml version="1.0" encoding="UTF-8"?>
<robot generator="Robot 3.1.2 (Python 3.8.2 on win32)" generated="20200421 21:01:43.487" rpa="false">
<suite id="s1" name="Tests" source="C:\Users\lina\PycharmProjects\ProjectBooking (1)\ProjectBooking\Tests">
<suite id="s1-s1" name="ProjectBooking" source="C:\Users\lina\PycharmProjects\ProjectBooking (1)\ProjectBooking\Tests\ProjectBooking.robot">
<test id="s1-s1-t1" name="User can access Project Booking website">
<kw name="Begin Web Test" library="keywords" type="setup">
<kw name="Open Browser" library="SeleniumLibrary">
<doc>Opens a new browser instance to the optional ``url``.</doc>
<arguments>
<arg>about:blank</arg>
<arg>${BROWSER}</arg>
</arguments>
<msg timestamp="20200421 21:01:44.130" level="INFO">Opening browser 'chrome' to base url 'about:blank'.</msg>
<status status="PASS" starttime="20200421 21:01:44.129" endtime="20200421 21:01:47.933"></status>
</kw>
<kw name="Maximize Browser Window" library="SeleniumLibrary">
<doc>Maximizes current browser window.</doc>
<status status="PASS" starttime="20200421 21:01:47.933" endtime="20200421 21:01:50.067"></status>
</kw>
<kw name="Set Selenium Speed" library="SeleniumLibrary">
<doc>Sets the delay that is waited after each Selenium command.</doc>
<arguments>
<arg>0.2</arg>
</arguments>
<status status="PASS" starttime="20200421 21:01:50.067" endtime="20200421 21:01:50.068"></status>
</kw>
<status status="PASS" starttime="20200421 21:01:44.129" endtime="20200421 21:01:50.068"></status>
</kw>
<kw name="Go to Web Page" library="keywords">
<kw name="Load Page" library="keywords">
<kw name="Go To" library="SeleniumLibrary">
<doc>Navigates the current browser window to the provided ``url``.</doc>
<arguments>
<arg>${URL}</arg>
</arguments>
<msg timestamp="20200421 21:01:50.070" level="INFO">Opening url 'https://localhost:44321/'</msg>
<status status="PASS" starttime="20200421 21:01:50.069" endtime="20200421 21:01:51.534"></status>
</kw>
<status status="PASS" starttime="20200421 21:01:50.069" endtime="20200421 21:01:51.534"></status>
</kw>
<kw name="Verify Page Loaded" library="keywords">
<kw name="Get Text" library="SeleniumLibrary">
<doc>Returns the text value of the element identified by ``locator``.</doc>
<arguments>
<arg>xpath:/html/body/div/main/div[1]/h2</arg>
</arguments>
<assign>
<var>${link_text}</var>
</assign>
<msg timestamp="20200421 21:01:52.005" level="INFO">${link_text} = Welcome to Project Booking</msg>
<status status="PASS" starttime="20200421 21:01:51.537" endtime="20200421 21:01:52.006"></status>
</kw>
<kw name="Should Be Equal" library="BuiltIn">
<doc>Fails if the given objects are unequal.</doc>
<arguments>
<arg>${link_text}</arg>
<arg>Welcome to Project Booking</arg>
</arguments>
<status status="PASS" starttime="20200421 21:01:52.006" endtime="20200421 21:01:52.008"></status>
</kw>
<status status="PASS" starttime="20200421 21:01:51.536" endtime="20200421 21:01:52.009"></status>
</kw>
<status status="PASS" starttime="20200421 21:01:50.069" endtime="20200421 21:01:52.010"></status>
</kw>
<kw name="End Web Test" library="keywords" type="teardown">
<kw name="Close Browser" library="SeleniumLibrary">
<doc>Closes the current browser.</doc>
<status status="PASS" starttime="20200421 21:01:52.013" endtime="20200421 21:01:54.446"></status>
</kw>
<status status="PASS" starttime="20200421 21:01:52.012" endtime="20200421 21:01:54.447"></status>
</kw>
<doc>This is some basic info about the test</doc>
<tags>
<tag>Test 1</tag>
</tags>
<status status="PASS" starttime="20200421 21:01:44.127" endtime="20200421 21:01:54.448" critical="yes"></status>
</test>
<test id="s1-s1-t2" name="User can not register an account WEB8-40">
<kw name="Begin Web Test" library="keywords" type="setup">
<kw name="Open Browser" library="SeleniumLibrary">
<doc>Opens a new browser instance to the optional ``url``.</doc>
<arguments>
<arg>about:blank</arg>
<arg>${BROWSER}</arg>
</arguments>
<msg timestamp="20200421 21:01:54.460" level="INFO">Opening browser 'chrome' to base url 'about:blank'.</msg>
<status status="PASS" starttime="20200421 21:01:54.459" endtime="20200421 21:01:58.212"></status>
</kw>
<kw name="Maximize Browser Window" library="SeleniumLibrary">
<doc>Maximizes current browser window.</doc>
<status status="PASS" starttime="20200421 21:01:58.213" endtime="20200421 21:02:00.580"></status>
</kw>
<kw name="Set Selenium Speed" library="SeleniumLibrary">
<doc>Sets the delay that is waited after each Selenium command.</doc>
<arguments>
<arg>0.2</arg>
</arguments>
<status status="PASS" starttime="20200421 21:02:00.580" endtime="20200421 21:02:00.581"></status>
</kw>
<status status="PASS" starttime="20200421 21:01:54.457" endtime="20200421 21:02:00.581"></status>
</kw>
<kw name="Given Go to Web Page" library="keywords">
<kw name="Load Page" library="keywords">
<kw name="Go To" library="SeleniumLibrary">
<doc>Navigates the current browser window to the provided ``url``.</doc>
<arguments>
<arg>${URL}</arg>
</arguments>
<msg timestamp="20200421 21:02:00.583" level="INFO">Opening url 'https://localhost:44321/'</msg>
<status status="PASS" starttime="20200421 21:02:00.583" endtime="20200421 21:02:01.939"></status>
</kw>
<status status="PASS" starttime="20200421 21:02:00.582" endtime="20200421 21:02:01.940"></status>
</kw>
<kw name="Verify Page Loaded" library="keywords">
<kw name="Get Text" library="SeleniumLibrary">
<doc>Returns the text value of the element identified by ``locator``.</doc>
<arguments>
<arg>xpath:/html/body/div/main/div[1]/h2</arg>
</arguments>
<assign>
<var>${link_text}</var>
</assign>
<msg timestamp="20200421 21:02:02.391" level="INFO">${link_text} = Welcome to Project Booking</msg>
<status status="PASS" starttime="20200421 21:02:01.941" endtime="20200421 21:02:02.391"></status>
</kw>
<kw name="Should Be Equal" library="BuiltIn">
<doc>Fails if the given objects are unequal.</doc>
<arguments>
<arg>${link_text}</arg>
<arg>Welcome to Project Booking</arg>
</arguments>
<status status="PASS" starttime="20200421 21:02:02.391" endtime="20200421 21:02:02.392"></status>
</kw>
<status status="PASS" starttime="20200421 21:02:01.940" endtime="20200421 21:02:02.392"></status>
</kw>
<status status="PASS" starttime="20200421 21:02:00.582" endtime="20200421 21:02:02.392"></status>
</kw>
<kw name="when Create a new account WEB8-40" library="keywords">
<kw name="Click Element" library="SeleniumLibrary">
<doc>Click the element identified by ``locator``.</doc>
<arguments>
<arg>xpath://*[@id="register"]</arg>
</arguments>
<msg timestamp="20200421 21:02:02.394" level="INFO">Clicking element 'xpath://*[@id="register"]'.</msg>
<status status="PASS" starttime="20200421 21:02:02.393" endtime="20200421 21:02:03.354"></status>
</kw>
<kw name="Verfy Create User Loaded WEB8-40" library="keywords">
<kw name="Get Text" library="SeleniumLibrary">
<doc>Returns the text value of the element identified by ``locator``.</doc>
<arguments>
<arg>xpath:/html/body/div/main/div/div/form/h4</arg>
</arguments>
<assign>
<var>${link_text}</var>
</assign>
<msg timestamp="20200421 21:02:03.847" level="INFO">${link_text} = Create a new account.</msg>
<status status="PASS" starttime="20200421 21:02:03.355" endtime="20200421 21:02:03.847"></status>
</kw>
<kw name="Should Be Equal" library="BuiltIn">
<doc>Fails if the given objects are unequal.</doc>
<arguments>
<arg>${link_text}</arg>
<arg>Create a new account.</arg>
</arguments>
<status status="PASS" starttime="20200421 21:02:03.847" endtime="20200421 21:02:03.848"></status>
</kw>
<status status="PASS" starttime="20200421 21:02:03.354" endtime="20200421 21:02:03.848"></status>
</kw>
<kw name="Enter Email WEB8-40" library="keywords">
<arguments>
<arg>${email}</arg>
</arguments>
<kw name="Input Text" library="SeleniumLibrary">
<doc>Types the given ``text`` into the text field identified by ``locator``.</doc>
<arguments>
<arg>id:Input_Email</arg>
<arg>${search_term}</arg>
</arguments>
<msg timestamp="20200421 21:02:03.849" level="INFO">Typing text 'goodwhether@123.com' into text field 'id:Input_Email'.</msg>
<status status="PASS" starttime="20200421 21:02:03.849" endtime="20200421 21:02:04.855"></status>
</kw>
<status status="PASS" starttime="20200421 21:02:03.848" endtime="20200421 21:02:04.856"></status>
</kw>
<kw name="Enter Password WEB8-40" library="keywords">
<arguments>
<arg>${password}</arg>
</arguments>
<kw name="Input Text" library="SeleniumLibrary">
<doc>Types the given ``text`` into the text field identified by ``locator``.</doc>
<arguments>
<arg>id:Input_Password</arg>
<arg>${search_term}</arg>
</arguments>
<msg timestamp="20200421 21:02:04.860" level="INFO">Typing text 'Helloworld123:)' into text field 'id:Input_Password'.</msg>
<status status="PASS" starttime="20200421 21:02:04.858" endtime="20200421 21:02:05.795"></status>
</kw>
<status status="PASS" starttime="20200421 21:02:04.856" endtime="20200421 21:02:05.795"></status>
</kw>
<kw name="Confirm Password WEB8-40" library="keywords">
<arguments>
<arg>${password}</arg>
</arguments>
<kw name="Input Text" library="SeleniumLibrary">
<doc>Types the given ``text`` into the text field identified by ``locator``.</doc>
<arguments>
<arg>id:Input_ConfirmPassword</arg>
<arg>${search_term}</arg>
</arguments>
<msg timestamp="20200421 21:02:05.796" level="INFO">Typing text 'Helloworld123:)' into text field 'id:Input_ConfirmPassword'.</msg>
<status status="PASS" starttime="20200421 21:02:05.796" endtime="20200421 21:02:06.736"></status>
</kw>
<status status="PASS" starttime="20200421 21:02:05.795" endtime="20200421 21:02:06.736"></status>
</kw>
<kw name="Click Button" library="SeleniumLibrary">
<doc>Clicks the button identified by ``locator``.</doc>
<arguments>
<arg>xpath:/html/body/div/main/div/div/form/button</arg>
</arguments>
<msg timestamp="20200421 21:02:06.737" level="INFO">Clicking button 'xpath:/html/body/div/main/div/div/form/button'.</msg>
<status status="PASS" starttime="20200421 21:02:06.736" endtime="20200421 21:02:08.435"></status>
</kw>
<status status="PASS" starttime="20200421 21:02:02.393" endtime="20200421 21:02:08.435"></status>
</kw>
<kw name="Then Verify user register fail WEB8-40" library="keywords">
<kw name="Get Text" library="SeleniumLibrary">
<doc>Returns the text value of the element identified by ``locator``.</doc>
<arguments>
<arg>xpath:/html/body/div/main/div/div/form/div[1]/ul/li</arg>
</arguments>
<assign>
<var>${link_text}</var>
</assign>
<msg timestamp="20200421 21:02:08.893" level="INFO">${link_text} = User name 'goodwhether@123.com' is already taken.</msg>
<status status="PASS" starttime="20200421 21:02:08.437" endtime="20200421 21:02:08.893"></status>
</kw>
<kw name="Should Be Equal" library="BuiltIn">
<doc>Fails if the given objects are unequal.</doc>
<arguments>
<arg>${link_text}</arg>
<arg>User name '${email}' is already taken.</arg>
</arguments>
<status status="PASS" starttime="20200421 21:02:08.893" endtime="20200421 21:02:08.894"></status>
</kw>
<status status="PASS" starttime="20200421 21:02:08.437" endtime="20200421 21:02:08.895"></status>
</kw>
<kw name="End Web Test" library="keywords" type="teardown">
<kw name="Close Browser" library="SeleniumLibrary">
<doc>Closes the current browser.</doc>
<status status="PASS" starttime="20200421 21:02:08.896" endtime="20200421 21:02:12.358"></status>
</kw>
<status status="PASS" starttime="20200421 21:02:08.895" endtime="20200421 21:02:12.359"></status>
</kw>
<doc>Create user account</doc>
<tags>
<tag>Test 2</tag>
</tags>
<status status="PASS" starttime="20200421 21:01:54.454" endtime="20200421 21:02:12.360" critical="yes"></status>
</test>
<test id="s1-s1-t3" name="User can log in">
<kw name="Begin Web Test" library="keywords" type="setup">
<kw name="Open Browser" library="SeleniumLibrary">
<doc>Opens a new browser instance to the optional ``url``.</doc>
<arguments>
<arg>about:blank</arg>
<arg>${BROWSER}</arg>
</arguments>
<msg timestamp="20200421 21:02:12.374" level="INFO">Opening browser 'chrome' to base url 'about:blank'.</msg>
<status status="PASS" starttime="20200421 21:02:12.372" endtime="20200421 21:02:16.227"></status>
</kw>
<kw name="Maximize Browser Window" library="SeleniumLibrary">
<doc>Maximizes current browser window.</doc>
<status status="PASS" starttime="20200421 21:02:16.227" endtime="20200421 21:02:18.558"></status>
</kw>
<kw name="Set Selenium Speed" library="SeleniumLibrary">
<doc>Sets the delay that is waited after each Selenium command.</doc>
<arguments>
<arg>0.2</arg>
</arguments>
<status status="PASS" starttime="20200421 21:02:18.558" endtime="20200421 21:02:18.559"></status>
</kw>
<status status="PASS" starttime="20200421 21:02:12.370" endtime="20200421 21:02:18.559"></status>
</kw>
<kw name="Given Go to Web Page" library="keywords">
<kw name="Load Page" library="keywords">
<kw name="Go To" library="SeleniumLibrary">
<doc>Navigates the current browser window to the provided ``url``.</doc>
<arguments>
<arg>${URL}</arg>
</arguments>
<msg timestamp="20200421 21:02:18.561" level="INFO">Opening url 'https://localhost:44321/'</msg>
<status status="PASS" starttime="20200421 21:02:18.560" endtime="20200421 21:02:20.124"></status>
</kw>
<status status="PASS" starttime="20200421 21:02:18.560" endtime="20200421 21:02:20.124"></status>
</kw>
<kw name="Verify Page Loaded" library="keywords">
<kw name="Get Text" library="SeleniumLibrary">
<doc>Returns the text value of the element identified by ``locator``.</doc>
<arguments>
<arg>xpath:/html/body/div/main/div[1]/h2</arg>
</arguments>
<assign>
<var>${link_text}</var>
</assign>
<msg timestamp="20200421 21:02:20.583" level="INFO">${link_text} = Welcome to Project Booking</msg>
<status status="PASS" starttime="20200421 21:02:20.126" endtime="20200421 21:02:20.583"></status>
</kw>
<kw name="Should Be Equal" library="BuiltIn">
<doc>Fails if the given objects are unequal.</doc>
<arguments>
<arg>${link_text}</arg>
<arg>Welcome to Project Booking</arg>
</arguments>
<status status="PASS" starttime="20200421 21:02:20.583" endtime="20200421 21:02:20.584"></status>
</kw>
<status status="PASS" starttime="20200421 21:02:20.125" endtime="20200421 21:02:20.584"></status>
</kw>
<status status="PASS" starttime="20200421 21:02:18.559" endtime="20200421 21:02:20.584"></status>
</kw>
<kw name="When Input email and password" library="keywords">
<kw name="Click Element" library="SeleniumLibrary">
<doc>Click the element identified by ``locator``.</doc>
<arguments>
<arg>xpath://*[@id="login"]</arg>
</arguments>
<msg timestamp="20200421 21:02:20.586" level="INFO">Clicking element 'xpath://*[@id="login"]'.</msg>
<status status="PASS" starttime="20200421 21:02:20.585" endtime="20200421 21:02:21.662"></status>
</kw>
<kw name="Verfy login page Loaded" library="keywords">
<kw name="Get Text" library="SeleniumLibrary">
<doc>Returns the text value of the element identified by ``locator``.</doc>
<arguments>
<arg>xpath:/html/body/div/main/h1</arg>
</arguments>
<assign>
<var>${link_text}</var>
</assign>
<msg timestamp="20200421 21:02:22.121" level="INFO">${link_text} = Log In</msg>
<status status="PASS" starttime="20200421 21:02:21.663" endtime="20200421 21:02:22.121"></status>
</kw>
<kw name="Should Be Equal" library="BuiltIn">
<doc>Fails if the given objects are unequal.</doc>
<arguments>
<arg>${link_text}</arg>
<arg>Log In</arg>
</arguments>
<status status="PASS" starttime="20200421 21:02:22.121" endtime="20200421 21:02:22.122"></status>
</kw>
<status status="PASS" starttime="20200421 21:02:21.662" endtime="20200421 21:02:22.122"></status>
</kw>
<kw name="Enter Email_login" library="keywords">
<arguments>
<arg>${email}</arg>
</arguments>
<kw name="Input Text" library="SeleniumLibrary">
<doc>Types the given ``text`` into the text field identified by ``locator``.</doc>
<arguments>
<arg>id:Input_Email</arg>
<arg>${search_term}</arg>
</arguments>
<msg timestamp="20200421 21:02:22.123" level="INFO">Typing text 'goodwhether@123.com' into text field 'id:Input_Email'.</msg>
<status status="PASS" starttime="20200421 21:02:22.123" endtime="20200421 21:02:23.139"></status>
</kw>
<status status="PASS" starttime="20200421 21:02:22.122" endtime="20200421 21:02:23.139"></status>
</kw>
<kw name="Enter Password_login" library="keywords">
<arguments>
<arg>${password}</arg>
</arguments>
<kw name="Input Text" library="SeleniumLibrary">
<doc>Types the given ``text`` into the text field identified by ``locator``.</doc>
<arguments>
<arg>id:Input_Password</arg>
<arg>${search_term}</arg>
</arguments>
<msg timestamp="20200421 21:02:23.140" level="INFO">Typing text 'Helloworld123:)' into text field 'id:Input_Password'.</msg>
<status status="PASS" starttime="20200421 21:02:23.140" endtime="20200421 21:02:24.108"></status>
</kw>
<status status="PASS" starttime="20200421 21:02:23.139" endtime="20200421 21:02:24.108"></status>
</kw>
<kw name="Click Button" library="SeleniumLibrary">
<doc>Clicks the button identified by ``locator``.</doc>
<arguments>
<arg>xpath://*[@id="account"]/div[5]/button</arg>
</arguments>
<msg timestamp="20200421 21:02:24.109" level="INFO">Clicking button 'xpath://*[@id="account"]/div[5]/button'.</msg>
<status status="PASS" starttime="20200421 21:02:24.108" endtime="20200421 21:02:26.066"></status>
</kw>
<status status="PASS" starttime="20200421 21:02:20.585" endtime="20200421 21:02:26.066"></status>
</kw>
<kw name="Then log in success" library="keywords">
<kw name="Page Should Contain Button" library="SeleniumLibrary">
<doc>Verifies button ``locator`` is found from current page.</doc>
<arguments>
<arg>xpath://*[@id="logout"]</arg>
</arguments>
<msg timestamp="20200421 21:02:27.151" level="INFO">Current page contains button 'xpath://*[@id="logout"]'.</msg>
<status status="PASS" starttime="20200421 21:02:26.067" endtime="20200421 21:02:27.151"></status>
</kw>
<status status="PASS" starttime="20200421 21:02:26.067" endtime="20200421 21:02:27.151"></status>
</kw>
<kw name="End Web Test" library="keywords" type="teardown">
<kw name="Close Browser" library="SeleniumLibrary">
<doc>Closes the current browser.</doc>
<status status="PASS" starttime="20200421 21:02:27.153" endtime="20200421 21:02:29.514"></status>
</kw>
<status status="PASS" starttime="20200421 21:02:27.152" endtime="20200421 21:02:29.514"></status>
</kw>
<doc>Log in success</doc>
<tags>
<tag>Test 3</tag>
</tags>
<status status="PASS" starttime="20200421 21:02:12.366" endtime="20200421 21:02:29.515" critical="yes"></status>
</test>
<test id="s1-s1-t4" name="User can change profile-2 WEB8-65">
<kw name="Begin Web Test" library="keywords" type="setup">
<kw name="Open Browser" library="SeleniumLibrary">
<doc>Opens a new browser instance to the optional ``url``.</doc>
<arguments>
<arg>about:blank</arg>
<arg>${BROWSER}</arg>
</arguments>
<msg timestamp="20200421 21:02:29.519" level="INFO">Opening browser 'chrome' to base url 'about:blank'.</msg>
<status status="PASS" starttime="20200421 21:02:29.519" endtime="20200421 21:02:33.380"></status>
</kw>
<kw name="Maximize Browser Window" library="SeleniumLibrary">
<doc>Maximizes current browser window.</doc>
<status status="PASS" starttime="20200421 21:02:33.380" endtime="20200421 21:02:35.712"></status>
</kw>
<kw name="Set Selenium Speed" library="SeleniumLibrary">
<doc>Sets the delay that is waited after each Selenium command.</doc>
<arguments>
<arg>0.2</arg>
</arguments>
<status status="PASS" starttime="20200421 21:02:35.712" endtime="20200421 21:02:35.713"></status>
</kw>
<status status="PASS" starttime="20200421 21:02:29.518" endtime="20200421 21:02:35.713"></status>
</kw>
<kw name="Given User is in Profile Page" library="keywords">
<kw name="Go to Web Page" library="keywords">
<kw name="Load Page" library="keywords">
<kw name="Go To" library="SeleniumLibrary">
<doc>Navigates the current browser window to the provided ``url``.</doc>
<arguments>
<arg>${URL}</arg>
</arguments>
<msg timestamp="20200421 21:02:35.716" level="INFO">Opening url 'https://localhost:44321/'</msg>
<status status="PASS" starttime="20200421 21:02:35.715" endtime="20200421 21:02:37.183"></status>
</kw>
<status status="PASS" starttime="20200421 21:02:35.715" endtime="20200421 21:02:37.183"></status>
</kw>
<kw name="Verify Page Loaded" library="keywords">
<kw name="Get Text" library="SeleniumLibrary">
<doc>Returns the text value of the element identified by ``locator``.</doc>
<arguments>
<arg>xpath:/html/body/div/main/div[1]/h2</arg>
</arguments>
<assign>
<var>${link_text}</var>
</assign>
<msg timestamp="20200421 21:02:37.657" level="INFO">${link_text} = Welcome to Project Booking</msg>
<status status="PASS" starttime="20200421 21:02:37.185" endtime="20200421 21:02:37.657"></status>
</kw>
<kw name="Should Be Equal" library="BuiltIn">
<doc>Fails if the given objects are unequal.</doc>
<arguments>
<arg>${link_text}</arg>
<arg>Welcome to Project Booking</arg>
</arguments>
<status status="PASS" starttime="20200421 21:02:37.657" endtime="20200421 21:02:37.658"></status>
</kw>
<status status="PASS" starttime="20200421 21:02:37.184" endtime="20200421 21:02:37.658"></status>
</kw>
<status status="PASS" starttime="20200421 21:02:35.714" endtime="20200421 21:02:37.658"></status>
</kw>
<kw name="User log in to Webpage" library="keywords">
<kw name="Go to Web Page" library="keywords">
<kw name="Load Page" library="keywords">
<kw name="Go To" library="SeleniumLibrary">
<doc>Navigates the current browser window to the provided ``url``.</doc>
<arguments>
<arg>${URL}</arg>
</arguments>
<msg timestamp="20200421 21:02:37.660" level="INFO">Opening url 'https://localhost:44321/'</msg>
<status status="PASS" starttime="20200421 21:02:37.660" endtime="20200421 21:02:38.425"></status>
</kw>
<status status="PASS" starttime="20200421 21:02:37.659" endtime="20200421 21:02:38.425"></status>
</kw>
<kw name="Verify Page Loaded" library="keywords">
<kw name="Get Text" library="SeleniumLibrary">
<doc>Returns the text value of the element identified by ``locator``.</doc>
<arguments>
<arg>xpath:/html/body/div/main/div[1]/h2</arg>
</arguments>
<assign>
<var>${link_text}</var>
</assign>
<msg timestamp="20200421 21:02:38.875" level="INFO">${link_text} = Welcome to Project Booking</msg>
<status status="PASS" starttime="20200421 21:02:38.426" endtime="20200421 21:02:38.875"></status>
</kw>
<kw name="Should Be Equal" library="BuiltIn">
<doc>Fails if the given objects are unequal.</doc>
<arguments>
<arg>${link_text}</arg>
<arg>Welcome to Project Booking</arg>
</arguments>
<status status="PASS" starttime="20200421 21:02:38.875" endtime="20200421 21:02:38.876"></status>
</kw>
<status status="PASS" starttime="20200421 21:02:38.425" endtime="20200421 21:02:38.876"></status>
</kw>
<status status="PASS" starttime="20200421 21:02:37.659" endtime="20200421 21:02:38.877"></status>
</kw>
<kw name="Input email and password" library="keywords">
<kw name="Click Element" library="SeleniumLibrary">
<doc>Click the element identified by ``locator``.</doc>
<arguments>
<arg>xpath://*[@id="login"]</arg>
</arguments>
<msg timestamp="20200421 21:02:38.878" level="INFO">Clicking element 'xpath://*[@id="login"]'.</msg>
<status status="PASS" starttime="20200421 21:02:38.878" endtime="20200421 21:02:39.933"></status>
</kw>
<kw name="Verfy login page Loaded" library="keywords">
<kw name="Get Text" library="SeleniumLibrary">
<doc>Returns the text value of the element identified by ``locator``.</doc>
<arguments>
<arg>xpath:/html/body/div/main/h1</arg>
</arguments>
<assign>
<var>${link_text}</var>
</assign>
<msg timestamp="20200421 21:02:40.395" level="INFO">${link_text} = Log In</msg>
<status status="PASS" starttime="20200421 21:02:39.934" endtime="20200421 21:02:40.395"></status>
</kw>
<kw name="Should Be Equal" library="BuiltIn">
<doc>Fails if the given objects are unequal.</doc>
<arguments>
<arg>${link_text}</arg>
<arg>Log In</arg>
</arguments>
<status status="PASS" starttime="20200421 21:02:40.395" endtime="20200421 21:02:40.396"></status>
</kw>
<status status="PASS" starttime="20200421 21:02:39.933" endtime="20200421 21:02:40.397"></status>
</kw>
<kw name="Enter Email_login" library="keywords">
<arguments>
<arg>${email}</arg>
</arguments>
<kw name="Input Text" library="SeleniumLibrary">
<doc>Types the given ``text`` into the text field identified by ``locator``.</doc>
<arguments>
<arg>id:Input_Email</arg>
<arg>${search_term}</arg>
</arguments>
<msg timestamp="20200421 21:02:40.398" level="INFO">Typing text 'goodwhether@123.com' into text field 'id:Input_Email'.</msg>
<status status="PASS" starttime="20200421 21:02:40.397" endtime="20200421 21:02:41.393"></status>
</kw>
<status status="PASS" starttime="20200421 21:02:40.397" endtime="20200421 21:02:41.393"></status>
</kw>
<kw name="Enter Password_login" library="keywords">
<arguments>
<arg>${password}</arg>
</arguments>
<kw name="Input Text" library="SeleniumLibrary">
<doc>Types the given ``text`` into the text field identified by ``locator``.</doc>
<arguments>
<arg>id:Input_Password</arg>
<arg>${search_term}</arg>
</arguments>
<msg timestamp="20200421 21:02:41.395" level="INFO">Typing text 'Helloworld123:)' into text field 'id:Input_Password'.</msg>
<status status="PASS" starttime="20200421 21:02:41.394" endtime="20200421 21:02:42.382"></status>
</kw>
<status status="PASS" starttime="20200421 21:02:41.393" endtime="20200421 21:02:42.383"></status>
</kw>
<kw name="Click Button" library="SeleniumLibrary">
<doc>Clicks the button identified by ``locator``.</doc>
<arguments>
<arg>xpath://*[@id="account"]/div[5]/button</arg>
</arguments>
<msg timestamp="20200421 21:02:42.384" level="INFO">Clicking button 'xpath://*[@id="account"]/div[5]/button'.</msg>
<status status="PASS" starttime="20200421 21:02:42.383" endtime="20200421 21:02:44.386"></status>
</kw>
<status status="PASS" starttime="20200421 21:02:38.877" endtime="20200421 21:02:44.386"></status>
</kw>
<kw name="Log in success" library="keywords">
<kw name="Page Should Contain Button" library="SeleniumLibrary">
<doc>Verifies button ``locator`` is found from current page.</doc>
<arguments>
<arg>xpath://*[@id="logout"]</arg>
</arguments>
<msg timestamp="20200421 21:02:45.457" level="INFO">Current page contains button 'xpath://*[@id="logout"]'.</msg>
<status status="PASS" starttime="20200421 21:02:44.387" endtime="20200421 21:02:45.457"></status>
</kw>
<status status="PASS" starttime="20200421 21:02:44.387" endtime="20200421 21:02:45.458"></status>
</kw>
<status status="PASS" starttime="20200421 21:02:37.659" endtime="20200421 21:02:45.459"></status>
</kw>
<kw name="Go to Profile Page" library="keywords">
<kw name="Click Element" library="SeleniumLibrary">
<doc>Click the element identified by ``locator``.</doc>
<arguments>
<arg>xpath://*[@id="manage"]</arg>
</arguments>
<msg timestamp="20200421 21:02:45.462" level="INFO">Clicking element 'xpath://*[@id="manage"]'.</msg>
<status status="PASS" starttime="20200421 21:02:45.461" endtime="20200421 21:02:46.736"></status>
</kw>
<kw name="Click Element" library="SeleniumLibrary">
<doc>Click the element identified by ``locator``.</doc>
<arguments>
<arg>xpath:/html/body/div/main/h1</arg>
</arguments>
<msg timestamp="20200421 21:02:46.737" level="INFO">Clicking element 'xpath:/html/body/div/main/h1'.</msg>
<status status="PASS" starttime="20200421 21:02:46.736" endtime="20200421 21:02:47.213"></status>
</kw>
<kw name="Click Element" library="SeleniumLibrary">
<doc>Click the element identified by ``locator``.</doc>
<arguments>
<arg>xpath://*[@id="profile"]</arg>
</arguments>
<msg timestamp="20200421 21:02:47.215" level="INFO">Clicking element 'xpath://*[@id="profile"]'.</msg>
<status status="PASS" starttime="20200421 21:02:47.214" endtime="20200421 21:02:48.191"></status>
</kw>
<kw name="Verfy profile page Loaded" library="keywords">
<kw name="Get Text" library="SeleniumLibrary">
<doc>Returns the text value of the element identified by ``locator``.</doc>
<arguments>
<arg>xpath:/html/body/div/main/div/div/div[2]/h4</arg>
</arguments>
<assign>
<var>${link_text}</var>
</assign>
<msg timestamp="20200421 21:02:48.659" level="INFO">${link_text} = Profile Details</msg>
<status status="PASS" starttime="20200421 21:02:48.192" endtime="20200421 21:02:48.659"></status>
</kw>
<kw name="Should Be Equal" library="BuiltIn">
<doc>Fails if the given objects are unequal.</doc>
<arguments>
<arg>${link_text}</arg>
<arg>Profile Details</arg>
</arguments>
<status status="PASS" starttime="20200421 21:02:48.659" endtime="20200421 21:02:48.661"></status>
</kw>
<status status="PASS" starttime="20200421 21:02:48.191" endtime="20200421 21:02:48.661"></status>
</kw>
<status status="PASS" starttime="20200421 21:02:45.459" endtime="20200421 21:02:48.661"></status>
</kw>
<status status="PASS" starttime="20200421 21:02:35.714" endtime="20200421 21:02:48.662"></status>
</kw>
<kw name="When Input user information and click save WEB8-65" library="keywords">
<arguments>
<arg>hello</arg>
<arg>world</arg>
<arg>12345678</arg>
</arguments>
<kw name="Enter Name WEB8-65" library="keywords">
<arguments>
<arg>${name}</arg>
</arguments>
<kw name="Input Text" library="SeleniumLibrary">
<doc>Types the given ``text`` into the text field identified by ``locator``.</doc>
<arguments>
<arg>id:CurrentUser_Name</arg>
<arg>${name}</arg>
</arguments>
<msg timestamp="20200421 21:02:48.665" level="INFO">Typing text 'hello' into text field 'id:CurrentUser_Name'.</msg>
<status status="PASS" starttime="20200421 21:02:48.664" endtime="20200421 21:02:49.533"></status>
</kw>
<status status="PASS" starttime="20200421 21:02:48.663" endtime="20200421 21:02:49.533"></status>
</kw>
<kw name="Enter LastName WEB8-65" library="keywords">
<arguments>
<arg>${lastName}</arg>
</arguments>
<kw name="Input Text" library="SeleniumLibrary">
<doc>Types the given ``text`` into the text field identified by ``locator``.</doc>
<arguments>
<arg>id:CurrentUser_LastName</arg>
<arg>${lastName}</arg>
</arguments>
<msg timestamp="20200421 21:02:49.535" level="INFO">Typing text 'world' into text field 'id:CurrentUser_LastName'.</msg>
<status status="PASS" starttime="20200421 21:02:49.535" endtime="20200421 21:02:50.409"></status>
</kw>
<status status="PASS" starttime="20200421 21:02:49.534" endtime="20200421 21:02:50.409"></status>
</kw>
<kw name="Enter PhoneNumber WEB8-65" library="keywords">
<arguments>
<arg>${phoneNumber}</arg>
</arguments>
<kw name="Input Text" library="SeleniumLibrary">
<doc>Types the given ``text`` into the text field identified by ``locator``.</doc>
<arguments>
<arg>id:CurrentUser_PhoneNumber</arg>
<arg>${phoneNumber}</arg>
</arguments>
<msg timestamp="20200421 21:02:50.411" level="INFO">Typing text '12345678' into text field 'id:CurrentUser_PhoneNumber'.</msg>
<status status="PASS" starttime="20200421 21:02:50.411" endtime="20200421 21:02:51.312"></status>
</kw>
<status status="PASS" starttime="20200421 21:02:50.410" endtime="20200421 21:02:51.312"></status>
</kw>
<kw name="Click Button" library="SeleniumLibrary">
<doc>Clicks the button identified by ``locator``.</doc>
<arguments>
<arg>xpath://*[@id="update-profile-button"]</arg>
</arguments>
<msg timestamp="20200421 21:02:51.313" level="INFO">Clicking button 'xpath://*[@id="update-profile-button"]'.</msg>
<status status="PASS" starttime="20200421 21:02:51.312" endtime="20200421 21:02:53.504"></status>
</kw>
<status status="PASS" starttime="20200421 21:02:48.663" endtime="20200421 21:02:53.504"></status>
</kw>
<kw name="Then Verify the information is uploaded WEB8-65" library="keywords">
<arguments>
<arg>Your profile has been updated</arg>
</arguments>
<kw name="Wait Until Page Contains" library="SeleniumLibrary">
<doc>Waits until ``text`` appears on the current page.</doc>
<arguments>
<arg>${message}</arg>
</arguments>
<status status="PASS" starttime="20200421 21:02:53.506" endtime="20200421 21:02:53.753"></status>
</kw>
<status status="PASS" starttime="20200421 21:02:53.505" endtime="20200421 21:02:53.753"></status>
</kw>
<kw name="End Web Test" library="keywords" type="teardown">
<kw name="Close Browser" library="SeleniumLibrary">
<doc>Closes the current browser.</doc>
<status status="PASS" starttime="20200421 21:02:53.755" endtime="20200421 21:02:56.175"></status>
</kw>
<status status="PASS" starttime="20200421 21:02:53.754" endtime="20200421 21:02:56.176"></status>
</kw>
<doc>Change profile</doc>
<tags>
<tag>Test 5</tag>
</tags>
<status status="PASS" starttime="20200421 21:02:29.517" endtime="20200421 21:02:56.176" critical="yes"></status>
</test>
<test id="s1-s1-t5" name="User can change their password WEB8-66">
<kw name="Begin Web Test" library="keywords" type="setup">
<kw name="Open Browser" library="SeleniumLibrary">
<doc>Opens a new browser instance to the optional ``url``.</doc>
<arguments>
<arg>about:blank</arg>
<arg>${BROWSER}</arg>
</arguments>
<msg timestamp="20200421 21:02:56.191" level="INFO">Opening browser 'chrome' to base url 'about:blank'.</msg>
<status status="PASS" starttime="20200421 21:02:56.190" endtime="20200421 21:03:00.083"></status>
</kw>
<kw name="Maximize Browser Window" library="SeleniumLibrary">
<doc>Maximizes current browser window.</doc>
<status status="PASS" starttime="20200421 21:03:00.083" endtime="20200421 21:03:02.413"></status>
</kw>
<kw name="Set Selenium Speed" library="SeleniumLibrary">
<doc>Sets the delay that is waited after each Selenium command.</doc>
<arguments>
<arg>0.2</arg>
</arguments>
<status status="PASS" starttime="20200421 21:03:02.413" endtime="20200421 21:03:02.413"></status>
</kw>
<status status="PASS" starttime="20200421 21:02:56.188" endtime="20200421 21:03:02.414"></status>
</kw>
<kw name="Given User log in to Webpage" library="keywords">
<kw name="Go to Web Page" library="keywords">
<kw name="Load Page" library="keywords">
<kw name="Go To" library="SeleniumLibrary">
<doc>Navigates the current browser window to the provided ``url``.</doc>
<arguments>
<arg>${URL}</arg>
</arguments>
<msg timestamp="20200421 21:03:02.416" level="INFO">Opening url 'https://localhost:44321/'</msg>
<status status="PASS" starttime="20200421 21:03:02.416" endtime="20200421 21:03:03.891"></status>
</kw>
<status status="PASS" starttime="20200421 21:03:02.415" endtime="20200421 21:03:03.891"></status>
</kw>
<kw name="Verify Page Loaded" library="keywords">
<kw name="Get Text" library="SeleniumLibrary">
<doc>Returns the text value of the element identified by ``locator``.</doc>
<arguments>
<arg>xpath:/html/body/div/main/div[1]/h2</arg>
</arguments>
<assign>
<var>${link_text}</var>
</assign>
<msg timestamp="20200421 21:03:04.349" level="INFO">${link_text} = Welcome to Project Booking</msg>
<status status="PASS" starttime="20200421 21:03:03.893" endtime="20200421 21:03:04.349"></status>
</kw>
<kw name="Should Be Equal" library="BuiltIn">
<doc>Fails if the given objects are unequal.</doc>
<arguments>
<arg>${link_text}</arg>
<arg>Welcome to Project Booking</arg>
</arguments>
<status status="PASS" starttime="20200421 21:03:04.349" endtime="20200421 21:03:04.350"></status>
</kw>
<status status="PASS" starttime="20200421 21:03:03.892" endtime="20200421 21:03:04.350"></status>
</kw>
<status status="PASS" starttime="20200421 21:03:02.415" endtime="20200421 21:03:04.350"></status>
</kw>
<kw name="Input email and password" library="keywords">
<kw name="Click Element" library="SeleniumLibrary">
<doc>Click the element identified by ``locator``.</doc>
<arguments>
<arg>xpath://*[@id="login"]</arg>
</arguments>
<msg timestamp="20200421 21:03:04.352" level="INFO">Clicking element 'xpath://*[@id="login"]'.</msg>
<status status="PASS" starttime="20200421 21:03:04.352" endtime="20200421 21:03:05.366"></status>
</kw>
<kw name="Verfy login page Loaded" library="keywords">
<kw name="Get Text" library="SeleniumLibrary">
<doc>Returns the text value of the element identified by ``locator``.</doc>
<arguments>
<arg>xpath:/html/body/div/main/h1</arg>
</arguments>
<assign>
<var>${link_text}</var>
</assign>
<msg timestamp="20200421 21:03:05.857" level="INFO">${link_text} = Log In</msg>
<status status="PASS" starttime="20200421 21:03:05.367" endtime="20200421 21:03:05.857"></status>
</kw>
<kw name="Should Be Equal" library="BuiltIn">
<doc>Fails if the given objects are unequal.</doc>
<arguments>
<arg>${link_text}</arg>
<arg>Log In</arg>
</arguments>
<status status="PASS" starttime="20200421 21:03:05.857" endtime="20200421 21:03:05.858"></status>
</kw>
<status status="PASS" starttime="20200421 21:03:05.366" endtime="20200421 21:03:05.859"></status>
</kw>
<kw name="Enter Email_login" library="keywords">
<arguments>
<arg>${email}</arg>
</arguments>
<kw name="Input Text" library="SeleniumLibrary">
<doc>Types the given ``text`` into the text field identified by ``locator``.</doc>
<arguments>
<arg>id:Input_Email</arg>
<arg>${search_term}</arg>
</arguments>
<msg timestamp="20200421 21:03:05.860" level="INFO">Typing text 'goodwhether@123.com' into text field 'id:Input_Email'.</msg>
<status status="PASS" starttime="20200421 21:03:05.860" endtime="20200421 21:03:06.862"></status>
</kw>
<status status="PASS" starttime="20200421 21:03:05.859" endtime="20200421 21:03:06.862"></status>
</kw>
<kw name="Enter Password_login" library="keywords">
<arguments>
<arg>${password}</arg>
</arguments>
<kw name="Input Text" library="SeleniumLibrary">
<doc>Types the given ``text`` into the text field identified by ``locator``.</doc>
<arguments>
<arg>id:Input_Password</arg>
<arg>${search_term}</arg>
</arguments>
<msg timestamp="20200421 21:03:06.865" level="INFO">Typing text 'Helloworld123:)' into text field 'id:Input_Password'.</msg>
<status status="PASS" starttime="20200421 21:03:06.864" endtime="20200421 21:03:07.862"></status>
</kw>
<status status="PASS" starttime="20200421 21:03:06.863" endtime="20200421 21:03:07.862"></status>
</kw>
<kw name="Click Button" library="SeleniumLibrary">
<doc>Clicks the button identified by ``locator``.</doc>
<arguments>
<arg>xpath://*[@id="account"]/div[5]/button</arg>
</arguments>
<msg timestamp="20200421 21:03:07.863" level="INFO">Clicking button 'xpath://*[@id="account"]/div[5]/button'.</msg>
<status status="PASS" starttime="20200421 21:03:07.863" endtime="20200421 21:03:10.050"></status>
</kw>
<status status="PASS" starttime="20200421 21:03:04.351" endtime="20200421 21:03:10.050"></status>
</kw>
<kw name="Log in success" library="keywords">
<kw name="Page Should Contain Button" library="SeleniumLibrary">
<doc>Verifies button ``locator`` is found from current page.</doc>
<arguments>
<arg>xpath://*[@id="logout"]</arg>
</arguments>
<msg timestamp="20200421 21:03:11.124" level="INFO">Current page contains button 'xpath://*[@id="logout"]'.</msg>
<status status="PASS" starttime="20200421 21:03:10.052" endtime="20200421 21:03:11.124"></status>
</kw>
<status status="PASS" starttime="20200421 21:03:10.051" endtime="20200421 21:03:11.125"></status>
</kw>
<status status="PASS" starttime="20200421 21:03:02.414" endtime="20200421 21:03:11.126"></status>
</kw>
<kw name="When Changing User Password WEB8-66" library="keywords">
<kw name="Click Element" library="SeleniumLibrary">
<doc>Click the element identified by ``locator``.</doc>
<arguments>
<arg>xpath://*[@id="manage"]</arg>
</arguments>
<msg timestamp="20200421 21:03:11.130" level="INFO">Clicking element 'xpath://*[@id="manage"]'.</msg>
<status status="PASS" starttime="20200421 21:03:11.129" endtime="20200421 21:03:12.338"></status>
</kw>
<kw name="Click Element" library="SeleniumLibrary">
<doc>Click the element identified by ``locator``.</doc>
<arguments>
<arg>xpath://*[@id="change-password"]</arg>
</arguments>
<msg timestamp="20200421 21:03:12.339" level="INFO">Clicking element 'xpath://*[@id="change-password"]'.</msg>
<status status="PASS" starttime="20200421 21:03:12.338" endtime="20200421 21:03:13.278"></status>
</kw>
<kw name="Input Text" library="SeleniumLibrary">
<doc>Types the given ``text`` into the text field identified by ``locator``.</doc>
<arguments>
<arg>id=Input_OldPassword</arg>
<arg>${password}</arg>
</arguments>
<msg timestamp="20200421 21:03:13.278" level="INFO">Typing text 'Helloworld123:)' into text field 'id=Input_OldPassword'.</msg>
<status status="PASS" starttime="20200421 21:03:13.278" endtime="20200421 21:03:14.229"></status>
</kw>
<kw name="Input Text" library="SeleniumLibrary">
<doc>Types the given ``text`` into the text field identified by ``locator``.</doc>
<arguments>
<arg>id=Input_NewPassword</arg>
<arg>${newpassword}</arg>
</arguments>
<msg timestamp="20200421 21:03:14.231" level="INFO">Typing text 'Noworld123:(' into text field 'id=Input_NewPassword'.</msg>
<status status="PASS" starttime="20200421 21:03:14.230" endtime="20200421 21:03:15.116"></status>
</kw>
<kw name="Input Text" library="SeleniumLibrary">
<doc>Types the given ``text`` into the text field identified by ``locator``.</doc>
<arguments>
<arg>id=Input_ConfirmPassword</arg>
<arg>${newpassword}</arg>
</arguments>
<msg timestamp="20200421 21:03:15.117" level="INFO">Typing text 'Noworld123:(' into text field 'id=Input_ConfirmPassword'.</msg>
<status status="PASS" starttime="20200421 21:03:15.116" endtime="20200421 21:03:16.015"></status>
</kw>
<kw name="Click Element" library="SeleniumLibrary">
<doc>Click the element identified by ``locator``.</doc>
<arguments>
<arg>xpath://html/body/div/main/div/div/div[2]/div/div/form/button</arg>
</arguments>
<msg timestamp="20200421 21:03:16.017" level="INFO">Clicking element 'xpath://html/body/div/main/div/div/div[2]/div/div/form/button'.</msg>
<status status="PASS" starttime="20200421 21:03:16.016" endtime="20200421 21:03:17.364"></status>
</kw>
<kw name="Wait Until Element Is Visible" library="SeleniumLibrary">
<doc>Waits until the element ``locator`` is visible.</doc>
<arguments>
<arg>xpath:/html/body/div/main/div/div/div[2]/div[1]/button</arg>
</arguments>
<status status="PASS" starttime="20200421 21:03:17.364" endtime="20200421 21:03:17.821"></status>
</kw>
<status status="PASS" starttime="20200421 21:03:11.127" endtime="20200421 21:03:17.822"></status>
</kw>
<kw name="Then Verify That Changes Was Made WEB8-66" library="keywords">
<kw name="Click Element" library="SeleniumLibrary">
<doc>Click the element identified by ``locator``.</doc>
<arguments>
<arg>xpath://*[@id="logout"]</arg>
</arguments>
<msg timestamp="20200421 21:03:17.826" level="INFO">Clicking element 'xpath://*[@id="logout"]'.</msg>
<status status="PASS" starttime="20200421 21:03:17.825" endtime="20200421 21:03:19.022"></status>
</kw>
<kw name="Verify Page Loaded" library="keywords">
<kw name="Get Text" library="SeleniumLibrary">
<doc>Returns the text value of the element identified by ``locator``.</doc>
<arguments>
<arg>xpath:/html/body/div/main/div[1]/h2</arg>
</arguments>
<assign>
<var>${link_text}</var>
</assign>
<msg timestamp="20200421 21:03:19.465" level="INFO">${link_text} = Welcome to Project Booking</msg>
<status status="PASS" starttime="20200421 21:03:19.023" endtime="20200421 21:03:19.465"></status>
</kw>
<kw name="Should Be Equal" library="BuiltIn">
<doc>Fails if the given objects are unequal.</doc>
<arguments>
<arg>${link_text}</arg>
<arg>Welcome to Project Booking</arg>
</arguments>
<status status="PASS" starttime="20200421 21:03:19.465" endtime="20200421 21:03:19.466"></status>
</kw>
<status status="PASS" starttime="20200421 21:03:19.022" endtime="20200421 21:03:19.466"></status>
</kw>
<kw name="Click Element" library="SeleniumLibrary">
<doc>Click the element identified by ``locator``.</doc>
<arguments>
<arg>xpath://*[@id="login"]</arg>
</arguments>
<msg timestamp="20200421 21:03:19.466" level="INFO">Clicking element 'xpath://*[@id="login"]'.</msg>
<status status="PASS" starttime="20200421 21:03:19.466" endtime="20200421 21:03:20.445"></status>
</kw>
<kw name="Verfy login page Loaded" library="keywords">
<kw name="Get Text" library="SeleniumLibrary">
<doc>Returns the text value of the element identified by ``locator``.</doc>
<arguments>
<arg>xpath:/html/body/div/main/h1</arg>
</arguments>
<assign>
<var>${link_text}</var>
</assign>
<msg timestamp="20200421 21:03:20.905" level="INFO">${link_text} = Log In</msg>
<status status="PASS" starttime="20200421 21:03:20.446" endtime="20200421 21:03:20.905"></status>
</kw>
<kw name="Should Be Equal" library="BuiltIn">
<doc>Fails if the given objects are unequal.</doc>
<arguments>
<arg>${link_text}</arg>
<arg>Log In</arg>
</arguments>
<status status="PASS" starttime="20200421 21:03:20.906" endtime="20200421 21:03:20.907"></status>
</kw>
<status status="PASS" starttime="20200421 21:03:20.445" endtime="20200421 21:03:20.907"></status>
</kw>
<kw name="Enter Email_login" library="keywords">
<arguments>
<arg>${email}</arg>
</arguments>
<kw name="Input Text" library="SeleniumLibrary">
<doc>Types the given ``text`` into the text field identified by ``locator``.</doc>
<arguments>
<arg>id:Input_Email</arg>
<arg>${search_term}</arg>
</arguments>
<msg timestamp="20200421 21:03:20.910" level="INFO">Typing text 'goodwhether@123.com' into text field 'id:Input_Email'.</msg>
<status status="PASS" starttime="20200421 21:03:20.909" endtime="20200421 21:03:21.881"></status>
</kw>
<status status="PASS" starttime="20200421 21:03:20.908" endtime="20200421 21:03:21.881"></status>
</kw>
<kw name="Enter Password_login" library="keywords">
<arguments>
<arg>${newpassword}</arg>
</arguments>
<kw name="Input Text" library="SeleniumLibrary">
<doc>Types the given ``text`` into the text field identified by ``locator``.</doc>
<arguments>
<arg>id:Input_Password</arg>
<arg>${search_term}</arg>
</arguments>
<msg timestamp="20200421 21:03:21.883" level="INFO">Typing text 'Noworld123:(' into text field 'id:Input_Password'.</msg>
<status status="PASS" starttime="20200421 21:03:21.882" endtime="20200421 21:03:22.795"></status>
</kw>
<status status="PASS" starttime="20200421 21:03:21.881" endtime="20200421 21:03:22.795"></status>
</kw>
<kw name="Click Button" library="SeleniumLibrary">
<doc>Clicks the button identified by ``locator``.</doc>
<arguments>
<arg>xpath://*[@id="account"]/div[5]/button</arg>
</arguments>
<msg timestamp="20200421 21:03:22.796" level="INFO">Clicking button 'xpath://*[@id="account"]/div[5]/button'.</msg>
<status status="PASS" starttime="20200421 21:03:22.796" endtime="20200421 21:03:24.768"></status>
</kw>
<kw name="Log in success" library="keywords">
<kw name="Page Should Contain Button" library="SeleniumLibrary">
<doc>Verifies button ``locator`` is found from current page.</doc>
<arguments>
<arg>xpath://*[@id="logout"]</arg>
</arguments>
<msg timestamp="20200421 21:03:25.859" level="INFO">Current page contains button 'xpath://*[@id="logout"]'.</msg>
<status status="PASS" starttime="20200421 21:03:24.770" endtime="20200421 21:03:25.859"></status>
</kw>
<status status="PASS" starttime="20200421 21:03:24.769" endtime="20200421 21:03:25.859"></status>
</kw>
<kw name="Click Element" library="SeleniumLibrary">
<doc>Click the element identified by ``locator``.</doc>
<arguments>
<arg>xpath://*[@id="manage"]</arg>
</arguments>
<msg timestamp="20200421 21:03:25.860" level="INFO">Clicking element 'xpath://*[@id="manage"]'.</msg>
<status status="PASS" starttime="20200421 21:03:25.859" endtime="20200421 21:03:26.880"></status>
</kw>
<kw name="Click Element" library="SeleniumLibrary">
<doc>Click the element identified by ``locator``.</doc>
<arguments>
<arg>xpath://*[@id="change-password"]</arg>
</arguments>
<msg timestamp="20200421 21:03:26.881" level="INFO">Clicking element 'xpath://*[@id="change-password"]'.</msg>
<status status="PASS" starttime="20200421 21:03:26.881" endtime="20200421 21:03:27.838"></status>
</kw>
<kw name="Input Text" library="SeleniumLibrary">
<doc>Types the given ``text`` into the text field identified by ``locator``.</doc>
<arguments>
<arg>id=Input_OldPassword</arg>
<arg>${newpassword}</arg>
</arguments>
<msg timestamp="20200421 21:03:27.839" level="INFO">Typing text 'Noworld123:(' into text field 'id=Input_OldPassword'.</msg>
<status status="PASS" starttime="20200421 21:03:27.838" endtime="20200421 21:03:28.793"></status>
</kw>
<kw name="Input Text" library="SeleniumLibrary">
<doc>Types the given ``text`` into the text field identified by ``locator``.</doc>
<arguments>
<arg>id=Input_NewPassword</arg>
<arg>${password}</arg>
</arguments>
<msg timestamp="20200421 21:03:28.794" level="INFO">Typing text 'Helloworld123:)' into text field 'id=Input_NewPassword'.</msg>
<status status="PASS" starttime="20200421 21:03:28.793" endtime="20200421 21:03:29.732"></status>
</kw>
<kw name="Input Text" library="SeleniumLibrary">
<doc>Types the given ``text`` into the text field identified by ``locator``.</doc>
<arguments>
<arg>id=Input_ConfirmPassword</arg>
<arg>${password}</arg>
</arguments>
<msg timestamp="20200421 21:03:29.737" level="INFO">Typing text 'Helloworld123:)' into text field 'id=Input_ConfirmPassword'.</msg>
<status status="PASS" starttime="20200421 21:03:29.734" endtime="20200421 21:03:30.645"></status>
</kw>
<kw name="Click Element" library="SeleniumLibrary">
<doc>Click the element identified by ``locator``.</doc>
<arguments>
<arg>xpath://html/body/div/main/div/div/div[2]/div/div/form/button</arg>
</arguments>
<msg timestamp="20200421 21:03:30.646" level="INFO">Clicking element 'xpath://html/body/div/main/div/div/div[2]/div/div/form/button'.</msg>
<status status="PASS" starttime="20200421 21:03:30.645" endtime="20200421 21:03:31.959"></status>
</kw>
<kw name="Wait Until Element Is Visible" library="SeleniumLibrary">
<doc>Waits until the element ``locator`` is visible.</doc>
<arguments>
<arg>xpath:/html/body/div/main/div/div/div[2]/div[1]/button</arg>
</arguments>
<status status="PASS" starttime="20200421 21:03:31.959" endtime="20200421 21:03:32.452"></status>
</kw>
<kw name="Click Element" library="SeleniumLibrary">
<doc>Click the element identified by ``locator``.</doc>
<arguments>
<arg>xpath://*[@id="logout"]</arg>
</arguments>
<msg timestamp="20200421 21:03:32.453" level="INFO">Clicking element 'xpath://*[@id="logout"]'.</msg>
<status status="PASS" starttime="20200421 21:03:32.453" endtime="20200421 21:03:33.732"></status>
</kw>
<kw name="Verify Page Loaded" library="keywords">
<kw name="Get Text" library="SeleniumLibrary">
<doc>Returns the text value of the element identified by ``locator``.</doc>
<arguments>
<arg>xpath:/html/body/div/main/div[1]/h2</arg>
</arguments>
<assign>
<var>${link_text}</var>
</assign>
<msg timestamp="20200421 21:03:34.209" level="INFO">${link_text} = Welcome to Project Booking</msg>
<status status="PASS" starttime="20200421 21:03:33.733" endtime="20200421 21:03:34.209"></status>
</kw>
<kw name="Should Be Equal" library="BuiltIn">
<doc>Fails if the given objects are unequal.</doc>
<arguments>
<arg>${link_text}</arg>
<arg>Welcome to Project Booking</arg>
</arguments>
<status status="PASS" starttime="20200421 21:03:34.209" endtime="20200421 21:03:34.210"></status>
</kw>
<status status="PASS" starttime="20200421 21:03:33.732" endtime="20200421 21:03:34.211"></status>
</kw>
<status status="PASS" starttime="20200421 21:03:17.823" endtime="20200421 21:03:34.211"></status>
</kw>
<kw name="End Web Test" library="keywords" type="teardown">
<kw name="Close Browser" library="SeleniumLibrary">
<doc>Closes the current browser.</doc>
<status status="PASS" starttime="20200421 21:03:34.212" endtime="20200421 21:03:36.604"></status>
</kw>
<status status="PASS" starttime="20200421 21:03:34.211" endtime="20200421 21:03:36.605"></status>
</kw>
<doc>Change password and reset the passward after test run</doc>
<tags>
<tag>Test 7</tag>
</tags>
<status status="PASS" starttime="20200421 21:02:56.184" endtime="20200421 21:03:36.605" critical="yes"></status>
</test>
<test id="s1-s1-t6" name="User can delete user profile WEB8-66">
<kw name="Begin Web Test" library="keywords" type="setup">
<kw name="Open Browser" library="SeleniumLibrary">
<doc>Opens a new browser instance to the optional ``url``.</doc>
<arguments>
<arg>about:blank</arg>
<arg>${BROWSER}</arg>
</arguments>
<msg timestamp="20200421 21:03:36.614" level="INFO">Opening browser 'chrome' to base url 'about:blank'.</msg>
<status status="PASS" starttime="20200421 21:03:36.613" endtime="20200421 21:03:40.511"></status>
</kw>
<kw name="Maximize Browser Window" library="SeleniumLibrary">
<doc>Maximizes current browser window.</doc>
<status status="PASS" starttime="20200421 21:03:40.512" endtime="20200421 21:03:42.851"></status>
</kw>
<kw name="Set Selenium Speed" library="SeleniumLibrary">
<doc>Sets the delay that is waited after each Selenium command.</doc>
<arguments>
<arg>0.2</arg>
</arguments>
<status status="PASS" starttime="20200421 21:03:42.852" endtime="20200421 21:03:42.853"></status>
</kw>
<status status="PASS" starttime="20200421 21:03:36.612" endtime="20200421 21:03:42.854"></status>
</kw>
<kw name="Given User log in to Webpage" library="keywords">
<kw name="Go to Web Page" library="keywords">
<kw name="Load Page" library="keywords">
<kw name="Go To" library="SeleniumLibrary">
<doc>Navigates the current browser window to the provided ``url``.</doc>
<arguments>
<arg>${URL}</arg>
</arguments>
<msg timestamp="20200421 21:03:42.860" level="INFO">Opening url 'https://localhost:44321/'</msg>
<status status="PASS" starttime="20200421 21:03:42.860" endtime="20200421 21:03:44.373"></status>
</kw>
<status status="PASS" starttime="20200421 21:03:42.858" endtime="20200421 21:03:44.373"></status>
</kw>
<kw name="Verify Page Loaded" library="keywords">
<kw name="Get Text" library="SeleniumLibrary">
<doc>Returns the text value of the element identified by ``locator``.</doc>
<arguments>
<arg>xpath:/html/body/div/main/div[1]/h2</arg>
</arguments>
<assign>
<var>${link_text}</var>
</assign>
<msg timestamp="20200421 21:03:44.826" level="INFO">${link_text} = Welcome to Project Booking</msg>
<status status="PASS" starttime="20200421 21:03:44.374" endtime="20200421 21:03:44.826"></status>
</kw>
<kw name="Should Be Equal" library="BuiltIn">
<doc>Fails if the given objects are unequal.</doc>
<arguments>
<arg>${link_text}</arg>
<arg>Welcome to Project Booking</arg>
</arguments>
<status status="PASS" starttime="20200421 21:03:44.826" endtime="20200421 21:03:44.827"></status>
</kw>
<status status="PASS" starttime="20200421 21:03:44.373" endtime="20200421 21:03:44.827"></status>
</kw>
<status status="PASS" starttime="20200421 21:03:42.857" endtime="20200421 21:03:44.827"></status>
</kw>
<kw name="Input email and password" library="keywords">
<kw name="Click Element" library="SeleniumLibrary">
<doc>Click the element identified by ``locator``.</doc>
<arguments>
<arg>xpath://*[@id="login"]</arg>
</arguments>
<msg timestamp="20200421 21:03:44.828" level="INFO">Clicking element 'xpath://*[@id="login"]'.</msg>
<status status="PASS" starttime="20200421 21:03:44.828" endtime="20200421 21:03:46.021"></status>
</kw>
<kw name="Verfy login page Loaded" library="keywords">
<kw name="Get Text" library="SeleniumLibrary">
<doc>Returns the text value of the element identified by ``locator``.</doc>
<arguments>
<arg>xpath:/html/body/div/main/h1</arg>
</arguments>
<assign>
<var>${link_text}</var>
</assign>
<msg timestamp="20200421 21:03:46.495" level="INFO">${link_text} = Log In</msg>
<status status="PASS" starttime="20200421 21:03:46.022" endtime="20200421 21:03:46.495"></status>
</kw>
<kw name="Should Be Equal" library="BuiltIn">
<doc>Fails if the given objects are unequal.</doc>
<arguments>
<arg>${link_text}</arg>
<arg>Log In</arg>
</arguments>
<status status="PASS" starttime="20200421 21:03:46.495" endtime="20200421 21:03:46.496"></status>
</kw>
<status status="PASS" starttime="20200421 21:03:46.021" endtime="20200421 21:03:46.496"></status>
</kw>
<kw name="Enter Email_login" library="keywords">
<arguments>
<arg>${email}</arg>
</arguments>
<kw name="Input Text" library="SeleniumLibrary">
<doc>Types the given ``text`` into the text field identified by ``locator``.</doc>
<arguments>
<arg>id:Input_Email</arg>
<arg>${search_term}</arg>
</arguments>
<msg timestamp="20200421 21:03:46.498" level="INFO">Typing text 'goodwhether@123.com' into text field 'id:Input_Email'.</msg>
<status status="PASS" starttime="20200421 21:03:46.497" endtime="20200421 21:03:47.450"></status>
</kw>
<status status="PASS" starttime="20200421 21:03:46.497" endtime="20200421 21:03:47.450"></status>
</kw>
<kw name="Enter Password_login" library="keywords">
<arguments>
<arg>${password}</arg>
</arguments>
<kw name="Input Text" library="SeleniumLibrary">
<doc>Types the given ``text`` into the text field identified by ``locator``.</doc>
<arguments>
<arg>id:Input_Password</arg>
<arg>${search_term}</arg>
</arguments>
<msg timestamp="20200421 21:03:47.452" level="INFO">Typing text 'Helloworld123:)' into text field 'id:Input_Password'.</msg>
<status status="PASS" starttime="20200421 21:03:47.451" endtime="20200421 21:03:48.400"></status>
</kw>
<status status="PASS" starttime="20200421 21:03:47.450" endtime="20200421 21:03:48.400"></status>
</kw>
<kw name="Click Button" library="SeleniumLibrary">
<doc>Clicks the button identified by ``locator``.</doc>
<arguments>
<arg>xpath://*[@id="account"]/div[5]/button</arg>
</arguments>
<msg timestamp="20200421 21:03:48.401" level="INFO">Clicking button 'xpath://*[@id="account"]/div[5]/button'.</msg>
<status status="PASS" starttime="20200421 21:03:48.400" endtime="20200421 21:03:50.451"></status>
</kw>
<status status="PASS" starttime="20200421 21:03:44.827" endtime="20200421 21:03:50.451"></status>
</kw>
<kw name="Log in success" library="keywords">
<kw name="Page Should Contain Button" library="SeleniumLibrary">
<doc>Verifies button ``locator`` is found from current page.</doc>
<arguments>
<arg>xpath://*[@id="logout"]</arg>
</arguments>
<msg timestamp="20200421 21:03:51.524" level="INFO">Current page contains button 'xpath://*[@id="logout"]'.</msg>
<status status="PASS" starttime="20200421 21:03:50.453" endtime="20200421 21:03:51.524"></status>
</kw>
<status status="PASS" starttime="20200421 21:03:50.452" endtime="20200421 21:03:51.524"></status>
</kw>
<status status="PASS" starttime="20200421 21:03:42.855" endtime="20200421 21:03:51.524"></status>
</kw>
<kw name="When User Can Delete Personal Data WEB8-66" library="keywords">
<kw name="Click Element" library="SeleniumLibrary">
<doc>Click the element identified by ``locator``.</doc>
<arguments>
<arg>xpath://*[@id="manage"]</arg>
</arguments>
<msg timestamp="20200421 21:03:51.526" level="INFO">Clicking element 'xpath://*[@id="manage"]'.</msg>
<status status="PASS" starttime="20200421 21:03:51.526" endtime="20200421 21:03:52.844"></status>
</kw>
<kw name="Click Element" library="SeleniumLibrary">
<doc>Click the element identified by ``locator``.</doc>
<arguments>
<arg>xpath://html/body/div/main/div/div/div[1]/ul/li[4]/a</arg>
</arguments>
<msg timestamp="20200421 21:03:52.844" level="INFO">Clicking element 'xpath://html/body/div/main/div/div/div[1]/ul/li[4]/a'.</msg>
<status status="PASS" starttime="20200421 21:03:52.844" endtime="20200421 21:03:53.833"></status>
</kw>
<kw name="Verify Delete Page Loaded WEB8-66" library="keywords">
<kw name="Get Text" library="SeleniumLibrary">
<doc>Returns the text value of the element identified by ``locator``.</doc>
<arguments>
<arg>xpath://html/body/div/main/div/div/div[2]/div/div/p[3]/a</arg>
</arguments>
<assign>
<var>${link_text}</var>
</assign>
<msg timestamp="20200421 21:03:54.293" level="INFO">${link_text} = Delete</msg>
<status status="PASS" starttime="20200421 21:03:53.834" endtime="20200421 21:03:54.293"></status>
</kw>
<kw name="Should Be Equal" library="BuiltIn">
<doc>Fails if the given objects are unequal.</doc>
<arguments>
<arg>${link_text}</arg>
<arg>Delete</arg>
</arguments>
<status status="PASS" starttime="20200421 21:03:54.293" endtime="20200421 21:03:54.294"></status>
</kw>
<status status="PASS" starttime="20200421 21:03:53.833" endtime="20200421 21:03:54.294"></status>
</kw>
<kw name="Click Element" library="SeleniumLibrary">
<doc>Click the element identified by ``locator``.</doc>
<arguments>
<arg>xpath://html/body/div/main/div/div/div[2]/div/div/p[3]/a</arg>
</arguments>
<msg timestamp="20200421 21:03:54.295" level="INFO">Clicking element 'xpath://html/body/div/main/div/div/div[2]/div/div/p[3]/a'.</msg>
<status status="PASS" starttime="20200421 21:03:54.295" endtime="20200421 21:03:55.333"></status>
</kw>
<kw name="Verify Delete Personal Data Page Loaded WEB8-66" library="keywords">
<kw name="Get Text" library="SeleniumLibrary">
<doc>Returns the text value of the element identified by ``locator``.</doc>
<arguments>
<arg>xpath://html/body/div/main/div/div/div[2]/div[2]/form/button</arg>
</arguments>
<assign>
<var>${link_text}</var>
</assign>
<msg timestamp="20200421 21:03:55.782" level="INFO">${link_text} = Delete data and close my account</msg>
<status status="PASS" starttime="20200421 21:03:55.334" endtime="20200421 21:03:55.782"></status>
</kw>
<kw name="Should Be Equal" library="BuiltIn">
<doc>Fails if the given objects are unequal.</doc>
<arguments>
<arg>${link_text}</arg>
<arg>Delete data and close my account</arg>
</arguments>
<status status="PASS" starttime="20200421 21:03:55.782" endtime="20200421 21:03:55.783"></status>
</kw>
<status status="PASS" starttime="20200421 21:03:55.333" endtime="20200421 21:03:55.784"></status>
</kw>
<status status="PASS" starttime="20200421 21:03:51.525" endtime="20200421 21:03:55.784"></status>
</kw>
<kw name="Then Verify That Delete Personal Data Was Made WEB8-66" library="keywords">
<kw name="Input Text" library="SeleniumLibrary">
<doc>Types the given ``text`` into the text field identified by ``locator``.</doc>
<arguments>
<arg>id=Input_Password</arg>
<arg>${password}</arg>
</arguments>
<msg timestamp="20200421 21:03:55.786" level="INFO">Typing text 'Helloworld123:)' into text field 'id=Input_Password'.</msg>
<status status="PASS" starttime="20200421 21:03:55.786" endtime="20200421 21:03:56.732"></status>
</kw>
<kw name="Click Element" library="SeleniumLibrary">
<doc>Click the element identified by ``locator``.</doc>
<arguments>
<arg>xpath://html/body/div/main/div/div/div[2]/div[2]/form/button</arg>
</arguments>
<msg timestamp="20200421 21:03:56.733" level="INFO">Clicking element 'xpath://html/body/div/main/div/div/div[2]/div[2]/form/button'.</msg>
<status status="PASS" starttime="20200421 21:03:56.732" endtime="20200421 21:03:58.113"></status>
</kw>
<kw name="Verify Page Loaded" library="keywords">
<kw name="Get Text" library="SeleniumLibrary">
<doc>Returns the text value of the element identified by ``locator``.</doc>
<arguments>
<arg>xpath:/html/body/div/main/div[1]/h2</arg>
</arguments>
<assign>
<var>${link_text}</var>
</assign>
<msg timestamp="20200421 21:03:58.562" level="INFO">${link_text} = Welcome to Project Booking</msg>
<status status="PASS" starttime="20200421 21:03:58.114" endtime="20200421 21:03:58.562"></status>
</kw>
<kw name="Should Be Equal" library="BuiltIn">
<doc>Fails if the given objects are unequal.</doc>
<arguments>
<arg>${link_text}</arg>
<arg>Welcome to Project Booking</arg>
</arguments>
<status status="PASS" starttime="20200421 21:03:58.563" endtime="20200421 21:03:58.564"></status>
</kw>
<status status="PASS" starttime="20200421 21:03:58.113" endtime="20200421 21:03:58.565"></status>
</kw>
<kw name="Input email and password" library="keywords">
<kw name="Click Element" library="SeleniumLibrary">
<doc>Click the element identified by ``locator``.</doc>
<arguments>
<arg>xpath://*[@id="login"]</arg>
</arguments>
<msg timestamp="20200421 21:03:58.568" level="INFO">Clicking element 'xpath://*[@id="login"]'.</msg>
<status status="PASS" starttime="20200421 21:03:58.567" endtime="20200421 21:03:59.484"></status>
</kw>
<kw name="Verfy login page Loaded" library="keywords">
<kw name="Get Text" library="SeleniumLibrary">
<doc>Returns the text value of the element identified by ``locator``.</doc>
<arguments>
<arg>xpath:/html/body/div/main/h1</arg>
</arguments>
<assign>
<var>${link_text}</var>
</assign>
<msg timestamp="20200421 21:03:59.929" level="INFO">${link_text} = Log In</msg>
<status status="PASS" starttime="20200421 21:03:59.486" endtime="20200421 21:03:59.929"></status>
</kw>
<kw name="Should Be Equal" library="BuiltIn">
<doc>Fails if the given objects are unequal.</doc>
<arguments>
<arg>${link_text}</arg>
<arg>Log In</arg>
</arguments>
<status status="PASS" starttime="20200421 21:03:59.929" endtime="20200421 21:03:59.930"></status>
</kw>
<status status="PASS" starttime="20200421 21:03:59.485" endtime="20200421 21:03:59.930"></status>
</kw>
<kw name="Enter Email_login" library="keywords">
<arguments>
<arg>${email}</arg>
</arguments>
<kw name="Input Text" library="SeleniumLibrary">
<doc>Types the given ``text`` into the text field identified by ``locator``.</doc>
<arguments>
<arg>id:Input_Email</arg>
<arg>${search_term}</arg>
</arguments>
<msg timestamp="20200421 21:03:59.932" level="INFO">Typing text 'goodwhether@123.com' into text field 'id:Input_Email'.</msg>
<status status="PASS" starttime="20200421 21:03:59.931" endtime="20200421 21:04:00.874"></status>
</kw>
<status status="PASS" starttime="20200421 21:03:59.931" endtime="20200421 21:04:00.874"></status>
</kw>
<kw name="Enter Password_login" library="keywords">
<arguments>
<arg>${password}</arg>
</arguments>
<kw name="Input Text" library="SeleniumLibrary">
<doc>Types the given ``text`` into the text field identified by ``locator``.</doc>
<arguments>
<arg>id:Input_Password</arg>
<arg>${search_term}</arg>
</arguments>
<msg timestamp="20200421 21:04:00.876" level="INFO">Typing text 'Helloworld123:)' into text field 'id:Input_Password'.</msg>
<status status="PASS" starttime="20200421 21:04:00.875" endtime="20200421 21:04:01.775"></status>
</kw>
<status status="PASS" starttime="20200421 21:04:00.875" endtime="20200421 21:04:01.775"></status>
</kw>
<kw name="Click Button" library="SeleniumLibrary">
<doc>Clicks the button identified by ``locator``.</doc>
<arguments>
<arg>xpath://*[@id="account"]/div[5]/button</arg>
</arguments>
<msg timestamp="20200421 21:04:01.776" level="INFO">Clicking button 'xpath://*[@id="account"]/div[5]/button'.</msg>
<status status="PASS" starttime="20200421 21:04:01.775" endtime="20200421 21:04:03.376"></status>
</kw>
<status status="PASS" starttime="20200421 21:03:58.566" endtime="20200421 21:04:03.376"></status>
</kw>
<kw name="Verify Login Fail WEB8-66" library="keywords">
<kw name="Get Text" library="SeleniumLibrary">
<doc>Returns the text value of the element identified by ``locator``.</doc>
<arguments>
<arg>xpath://html/body/div/main/div/div/section/form/div[1]/ul/li</arg>
</arguments>
<assign>
<var>${link_text}</var>
</assign>
<msg timestamp="20200421 21:04:03.837" level="INFO">${link_text} = Invalid login attempt.</msg>
<status status="PASS" starttime="20200421 21:04:03.377" endtime="20200421 21:04:03.837"></status>
</kw>
<kw name="Should Be Equal" library="BuiltIn">
<doc>Fails if the given objects are unequal.</doc>
<arguments>
<arg>${link_text}</arg>
<arg>Invalid login attempt.</arg>
</arguments>
<status status="PASS" starttime="20200421 21:04:03.837" endtime="20200421 21:04:03.838"></status>
</kw>
<status status="PASS" starttime="20200421 21:04:03.376" endtime="20200421 21:04:03.838"></status>
</kw>
<kw name="Create a new account WEB8-40" library="keywords">
<kw name="Click Element" library="SeleniumLibrary">
<doc>Click the element identified by ``locator``.</doc>
<arguments>
<arg>xpath://*[@id="register"]</arg>
</arguments>
<msg timestamp="20200421 21:04:03.839" level="INFO">Clicking element 'xpath://*[@id="register"]'.</msg>
<status status="PASS" starttime="20200421 21:04:03.839" endtime="20200421 21:04:04.734"></status>
</kw>
<kw name="Verfy Create User Loaded WEB8-40" library="keywords">
<kw name="Get Text" library="SeleniumLibrary">
<doc>Returns the text value of the element identified by ``locator``.</doc>
<arguments>
<arg>xpath:/html/body/div/main/div/div/form/h4</arg>
</arguments>
<assign>
<var>${link_text}</var>
</assign>
<msg timestamp="20200421 21:04:05.225" level="INFO">${link_text} = Create a new account.</msg>
<status status="PASS" starttime="20200421 21:04:04.736" endtime="20200421 21:04:05.226"></status>
</kw>
<kw name="Should Be Equal" library="BuiltIn">
<doc>Fails if the given objects are unequal.</doc>
<arguments>
<arg>${link_text}</arg>
<arg>Create a new account.</arg>
</arguments>
<status status="PASS" starttime="20200421 21:04:05.227" endtime="20200421 21:04:05.229"></status>
</kw>
<status status="PASS" starttime="20200421 21:04:04.735" endtime="20200421 21:04:05.229"></status>
</kw>
<kw name="Enter Email WEB8-40" library="keywords">
<arguments>
<arg>${email}</arg>
</arguments>
<kw name="Input Text" library="SeleniumLibrary">
<doc>Types the given ``text`` into the text field identified by ``locator``.</doc>
<arguments>
<arg>id:Input_Email</arg>
<arg>${search_term}</arg>
</arguments>
<msg timestamp="20200421 21:04:05.233" level="INFO">Typing text 'goodwhether@123.com' into text field 'id:Input_Email'.</msg>
<status status="PASS" starttime="20200421 21:04:05.232" endtime="20200421 21:04:06.187"></status>
</kw>
<status status="PASS" starttime="20200421 21:04:05.230" endtime="20200421 21:04:06.188"></status>
</kw>
<kw name="Enter Password WEB8-40" library="keywords">
<arguments>
<arg>${password}</arg>
</arguments>
<kw name="Input Text" library="SeleniumLibrary">
<doc>Types the given ``text`` into the text field identified by ``locator``.</doc>
<arguments>
<arg>id:Input_Password</arg>
<arg>${search_term}</arg>
</arguments>
<msg timestamp="20200421 21:04:06.192" level="INFO">Typing text 'Helloworld123:)' into text field 'id:Input_Password'.</msg>
<status status="PASS" starttime="20200421 21:04:06.190" endtime="20200421 21:04:07.139"></status>
</kw>
<status status="PASS" starttime="20200421 21:04:06.188" endtime="20200421 21:04:07.140"></status>
</kw>
<kw name="Confirm Password WEB8-40" library="keywords">
<arguments>
<arg>${password}</arg>
</arguments>
<kw name="Input Text" library="SeleniumLibrary">
<doc>Types the given ``text`` into the text field identified by ``locator``.</doc>
<arguments>
<arg>id:Input_ConfirmPassword</arg>
<arg>${search_term}</arg>
</arguments>
<msg timestamp="20200421 21:04:07.148" level="INFO">Typing text 'Helloworld123:)' into text field 'id:Input_ConfirmPassword'.</msg>
<status status="PASS" starttime="20200421 21:04:07.146" endtime="20200421 21:04:08.062"></status>
</kw>
<status status="PASS" starttime="20200421 21:04:07.142" endtime="20200421 21:04:08.062"></status>
</kw>
<kw name="Click Button" library="SeleniumLibrary">
<doc>Clicks the button identified by ``locator``.</doc>
<arguments>
<arg>xpath:/html/body/div/main/div/div/form/button</arg>
</arguments>
<msg timestamp="20200421 21:04:08.063" level="INFO">Clicking button 'xpath:/html/body/div/main/div/div/form/button'.</msg>
<status status="PASS" starttime="20200421 21:04:08.063" endtime="20200421 21:04:10.159"></status>
</kw>
<status status="PASS" starttime="20200421 21:04:03.838" endtime="20200421 21:04:10.159"></status>
</kw>
<kw name="Log in success" library="keywords">
<kw name="Page Should Contain Button" library="SeleniumLibrary">
<doc>Verifies button ``locator`` is found from current page.</doc>
<arguments>
<arg>xpath://*[@id="logout"]</arg>
</arguments>
<msg timestamp="20200421 21:04:11.255" level="INFO">Current page contains button 'xpath://*[@id="logout"]'.</msg>
<status status="PASS" starttime="20200421 21:04:10.160" endtime="20200421 21:04:11.255"></status>
</kw>
<status status="PASS" starttime="20200421 21:04:10.159" endtime="20200421 21:04:11.256"></status>
</kw>
<status status="PASS" starttime="20200421 21:03:55.785" endtime="20200421 21:04:11.257"></status>
</kw>
<kw name="End Web Test" library="keywords" type="teardown">
<kw name="Close Browser" library="SeleniumLibrary">
<doc>Closes the current browser.</doc>
<status status="PASS" starttime="20200421 21:04:11.261" endtime="20200421 21:04:13.679"></status>
</kw>
<status status="PASS" starttime="20200421 21:04:11.259" endtime="20200421 21:04:13.680"></status>
</kw>
<doc>Delete profile and recreate the user profile after test run</doc>
<tags>
<tag>Test 8</tag>
</tags>
<status status="PASS" starttime="20200421 21:03:36.609" endtime="20200421 21:04:13.680" critical="yes"></status>
</test>
<test id="s1-s1-t7" name="User can see hotels on the page and find infomration on them WEB8-45">
<kw name="Begin Web Test" library="keywords" type="setup">
<kw name="Open Browser" library="SeleniumLibrary">
<doc>Opens a new browser instance to the optional ``url``.</doc>
<arguments>
<arg>about:blank</arg>
<arg>${BROWSER}</arg>
</arguments>
<msg timestamp="20200421 21:04:13.691" level="INFO">Opening browser 'chrome' to base url 'about:blank'.</msg>
<status status="PASS" starttime="20200421 21:04:13.689" endtime="20200421 21:04:17.518"></status>
</kw>
<kw name="Maximize Browser Window" library="SeleniumLibrary">
<doc>Maximizes current browser window.</doc>
<status status="PASS" starttime="20200421 21:04:17.518" endtime="20200421 21:04:19.877"></status>
</kw>
<kw name="Set Selenium Speed" library="SeleniumLibrary">
<doc>Sets the delay that is waited after each Selenium command.</doc>
<arguments>
<arg>0.2</arg>
</arguments>
<status status="PASS" starttime="20200421 21:04:19.877" endtime="20200421 21:04:19.878"></status>
</kw>
<status status="PASS" starttime="20200421 21:04:13.687" endtime="20200421 21:04:19.878"></status>
</kw>
<kw name="User log in to Webpage" library="keywords">
<kw name="Go to Web Page" library="keywords">
<kw name="Load Page" library="keywords">
<kw name="Go To" library="SeleniumLibrary">
<doc>Navigates the current browser window to the provided ``url``.</doc>
<arguments>
<arg>${URL}</arg>
</arguments>
<msg timestamp="20200421 21:04:19.881" level="INFO">Opening url 'https://localhost:44321/'</msg>
<status status="PASS" starttime="20200421 21:04:19.880" endtime="20200421 21:04:21.249"></status>
</kw>
<status status="PASS" starttime="20200421 21:04:19.880" endtime="20200421 21:04:21.250"></status>
</kw>
<kw name="Verify Page Loaded" library="keywords">
<kw name="Get Text" library="SeleniumLibrary">
<doc>Returns the text value of the element identified by ``locator``.</doc>
<arguments>
<arg>xpath:/html/body/div/main/div[1]/h2</arg>
</arguments>
<assign>
<var>${link_text}</var>
</assign>
<msg timestamp="20200421 21:04:21.707" level="INFO">${link_text} = Welcome to Project Booking</msg>
<status status="PASS" starttime="20200421 21:04:21.252" endtime="20200421 21:04:21.707"></status>
</kw>
<kw name="Should Be Equal" library="BuiltIn">
<doc>Fails if the given objects are unequal.</doc>
<arguments>
<arg>${link_text}</arg>
<arg>Welcome to Project Booking</arg>
</arguments>
<status status="PASS" starttime="20200421 21:04:21.707" endtime="20200421 21:04:21.708"></status>
</kw>
<status status="PASS" starttime="20200421 21:04:21.250" endtime="20200421 21:04:21.709"></status>
</kw>
<status status="PASS" starttime="20200421 21:04:19.879" endtime="20200421 21:04:21.709"></status>
</kw>
<kw name="Input email and password" library="keywords">
<kw name="Click Element" library="SeleniumLibrary">
<doc>Click the element identified by ``locator``.</doc>
<arguments>
<arg>xpath://*[@id="login"]</arg>
</arguments>
<msg timestamp="20200421 21:04:21.711" level="INFO">Clicking element 'xpath://*[@id="login"]'.</msg>
<status status="PASS" starttime="20200421 21:04:21.710" endtime="20200421 21:04:22.753"></status>
</kw>
<kw name="Verfy login page Loaded" library="keywords">
<kw name="Get Text" library="SeleniumLibrary">
<doc>Returns the text value of the element identified by ``locator``.</doc>
<arguments>
<arg>xpath:/html/body/div/main/h1</arg>
</arguments>
<assign>
<var>${link_text}</var>
</assign>
<msg timestamp="20200421 21:04:23.230" level="INFO">${link_text} = Log In</msg>
<status status="PASS" starttime="20200421 21:04:22.754" endtime="20200421 21:04:23.230"></status>
</kw>
<kw name="Should Be Equal" library="BuiltIn">
<doc>Fails if the given objects are unequal.</doc>
<arguments>
<arg>${link_text}</arg>
<arg>Log In</arg>
</arguments>
<status status="PASS" starttime="20200421 21:04:23.230" endtime="20200421 21:04:23.231"></status>
</kw>
<status status="PASS" starttime="20200421 21:04:22.753" endtime="20200421 21:04:23.231"></status>
</kw>
<kw name="Enter Email_login" library="keywords">
<arguments>
<arg>${email}</arg>
</arguments>
<kw name="Input Text" library="SeleniumLibrary">
<doc>Types the given ``text`` into the text field identified by ``locator``.</doc>
<arguments>
<arg>id:Input_Email</arg>
<arg>${search_term}</arg>
</arguments>
<msg timestamp="20200421 21:04:23.234" level="INFO">Typing text 'goodwhether@123.com' into text field 'id:Input_Email'.</msg>
<status status="PASS" starttime="20200421 21:04:23.232" endtime="20200421 21:04:24.179"></status>
</kw>
<status status="PASS" starttime="20200421 21:04:23.231" endtime="20200421 21:04:24.179"></status>
</kw>
<kw name="Enter Password_login" library="keywords">
<arguments>
<arg>${password}</arg>
</arguments>
<kw name="Input Text" library="SeleniumLibrary">
<doc>Types the given ``text`` into the text field identified by ``locator``.</doc>
<arguments>
<arg>id:Input_Password</arg>
<arg>${search_term}</arg>
</arguments>
<msg timestamp="20200421 21:04:24.180" level="INFO">Typing text 'Helloworld123:)' into text field 'id:Input_Password'.</msg>
<status status="PASS" starttime="20200421 21:04:24.180" endtime="20200421 21:04:25.134"></status>
</kw>
<status status="PASS" starttime="20200421 21:04:24.179" endtime="20200421 21:04:25.134"></status>
</kw>
<kw name="Click Button" library="SeleniumLibrary">
<doc>Clicks the button identified by ``locator``.</doc>
<arguments>
<arg>xpath://*[@id="account"]/div[5]/button</arg>
</arguments>
<msg timestamp="20200421 21:04:25.135" level="INFO">Clicking button 'xpath://*[@id="account"]/div[5]/button'.</msg>
<status status="PASS" starttime="20200421 21:04:25.134" endtime="20200421 21:04:27.183"></status>
</kw>
<status status="PASS" starttime="20200421 21:04:21.709" endtime="20200421 21:04:27.183"></status>
</kw>
<kw name="Log in success" library="keywords">
<kw name="Page Should Contain Button" library="SeleniumLibrary">
<doc>Verifies button ``locator`` is found from current page.</doc>
<arguments>
<arg>xpath://*[@id="logout"]</arg>
</arguments>
<msg timestamp="20200421 21:04:28.261" level="INFO">Current page contains button 'xpath://*[@id="logout"]'.</msg>
<status status="PASS" starttime="20200421 21:04:27.185" endtime="20200421 21:04:28.261"></status>
</kw>
<status status="PASS" starttime="20200421 21:04:27.184" endtime="20200421 21:04:28.261"></status>
</kw>
<status status="PASS" starttime="20200421 21:04:19.879" endtime="20200421 21:04:28.261"></status>
</kw>
<kw name="User Can Click On Different Hotels To Get Information About Them WEB8-45" library="keywords">
<kw name="Verify Euroway Hotel Page Loaded WEB8-45" library="keywords">
<kw name="Click Element" library="SeleniumLibrary">
<doc>Click the element identified by ``locator``.</doc>
<arguments>
<arg>xpath://html/body/div/main/div[2]/div[1]/div/div[1]/h4/a</arg>
</arguments>
<msg timestamp="20200421 21:04:28.263" level="INFO">Clicking element 'xpath://html/body/div/main/div[2]/div[1]/div/div[1]/h4/a'.</msg>
<status status="PASS" starttime="20200421 21:04:28.263" endtime="20200421 21:04:29.347"></status>
</kw>
<kw name="Get Text" library="SeleniumLibrary">
<doc>Returns the text value of the element identified by ``locator``.</doc>
<arguments>
<arg>xpath://html/body/div/main/div[1]/h1</arg>
</arguments>
<assign>
<var>${link_text}</var>
</assign>
<msg timestamp="20200421 21:04:29.803" level="INFO">${link_text} = Euroway Hotel</msg>
<status status="PASS" starttime="20200421 21:04:29.347" endtime="20200421 21:04:29.803"></status>
</kw>
<kw name="Should Be Equal" library="BuiltIn">
<doc>Fails if the given objects are unequal.</doc>
<arguments>
<arg>${link_text}</arg>
<arg>Euroway Hotel</arg>
</arguments>
<status status="PASS" starttime="20200421 21:04:29.803" endtime="20200421 21:04:29.804"></status>
</kw>
<kw name="Click Element" library="SeleniumLibrary">
<doc>Click the element identified by ``locator``.</doc>
<arguments>
<arg>xpath://html/body/header/nav/div/a</arg>
</arguments>
[...]
</kw>
<status status="PASS" starttime="20200421 21:04:31.439" endtime="20200421 21:04:34.332"></status>
</kw>
<kw name="Verify Dorsia Hotel Page Loaded WEB8-45" library="keywords">
<kw name="Click Element" library="SeleniumLibrary">
<doc>Click the element identified by ``locator``.</doc>
<arguments>
<arg>xpath://html/body/div/main/div[2]/div[3]/div/div[1]/h4/a</arg>
</arguments>
<msg timestamp="20200421 21:04:34.334" level="INFO">Clicking element 'xpath://html/body/div/main/div[2]/div[3]/div/div[1]/h4/a'.</msg>
<status status="PASS" starttime="20200421 21:04:34.333" endtime="20200421 21:04:35.340"></status>
</kw>
<kw name="Get Text" library="SeleniumLibrary">
<doc>Returns the text value of the element identified by ``locator``.</doc>
<arguments>
<arg>xpath://html/body/div/main/div[1]/h1</arg>
</arguments>
<assign>
<var>${link_text}</var>
</assign>
<msg timestamp="20200421 21:04:35.779" level="INFO">${link_text} = Dorsia Hotel</msg>
<status status="PASS" starttime="20200421 21:04:35.340" endtime="20200421 21:04:35.779"></status>
</kw>
<kw name="Should Be Equal" library="BuiltIn">
<doc>Fails if the given objects are unequal.</doc>
<arguments>
<arg>${link_text}</arg>
<arg>Dorsia Hotel</arg>
</arguments>
<status status="PASS" starttime="20200421 21:04:35.779" endtime="20200421 21:04:35.780"></status>
</kw>
<kw name="Click Element" library="SeleniumLibrary">
<doc>Click the element identified by ``locator``.</doc>
<arguments>
<arg>xpath://html/body/header/nav/div/a</arg>
</arguments>
<msg timestamp="20200421 21:04:35.781" level="INFO">Clicking element 'xpath://html/body/header/nav/div/a'.</msg>
<status status="PASS" starttime="20200421 21:04:35.780" endtime="20200421 21:04:36.786"></status>
</kw>
<kw name="Verify Page Loaded" library="keywords">
<kw name="Get Text" library="SeleniumLibrary">
<doc>Returns the text value of the element identified by ``locator``.</doc>
<arguments>
<arg>xpath:/html/body/div/main/div[1]/h2</arg>
</arguments>
<assign>
<var>${link_text}</var>
</assign>
<msg timestamp="20200421 21:04:37.236" level="INFO">${link_text} = Welcome to Project Booking</msg>
<status status="PASS" starttime="20200421 21:04:36.787" endtime="20200421 21:04:37.236"></status>
</kw>
<kw name="Should Be Equal" library="BuiltIn">
<doc>Fails if the given objects are unequal.</doc>
<arguments>
<arg>${link_text}</arg>
<arg>Welcome to Project Booking</arg>
</arguments>
<status status="PASS" starttime="20200421 21:04:37.237" endtime="20200421 21:04:37.238"></status>
</kw>
<status status="PASS" starttime="20200421 21:04:36.786" endtime="20200421 21:04:37.238"></status>
</kw>
<status status="PASS" starttime="20200421 21:04:34.332" endtime="20200421 21:04:37.239"></status>
</kw>
<kw name="Verify Hilton Prague Old Town Page Loaded WEB8-45" library="keywords">
<kw name="Click Element" library="SeleniumLibrary">
<doc>Click the element identified by ``locator``.</doc>
<arguments>
<arg>xpath://html/body/div/main/div[2]/div[4]/div/div[1]/h4/a</arg>
</arguments>
<msg timestamp="20200421 21:04:37.240" level="INFO">Clicking element 'xpath://html/body/div/main/div[2]/div[4]/div/div[1]/h4/a'.</msg>
<status status="PASS" starttime="20200421 21:04:37.240" endtime="20200421 21:04:38.232"></status>
</kw>
<kw name="Get Text" library="SeleniumLibrary">
<doc>Returns the text value of the element identified by ``locator``.</doc>
<arguments>
<arg>xpath://html/body/div/main/div[1]/h1</arg>
</arguments>
<assign>
<var>${link_text}</var>
</assign>
<msg timestamp="20200421 21:04:38.669" level="INFO">${link_text} = Hilton Prague Old Town</msg>
<status status="PASS" starttime="20200421 21:04:38.232" endtime="20200421 21:04:38.669"></status>
</kw>
<kw name="Should Be Equal" library="BuiltIn">
<doc>Fails if the given objects are unequal.</doc>
<arguments>
<arg>${link_text}</arg>
<arg>Hilton Prague Old Town</arg>
</arguments>
<status status="PASS" starttime="20200421 21:04:38.670" endtime="20200421 21:04:38.672"></status>
</kw>
<kw name="Click Element" library="SeleniumLibrary">
<doc>Click the element identified by ``locator``.</doc>
<arguments>
<arg>xpath://html/body/header/nav/div/a</arg>
</arguments>
<msg timestamp="20200421 21:04:38.673" level="INFO">Clicking element 'xpath://html/body/header/nav/div/a'.</msg>
<status status="PASS" starttime="20200421 21:04:38.672" endtime="20200421 21:04:39.650"></status>
</kw>
<kw name="Verify Page Loaded" library="keywords">
<kw name="Get Text" library="SeleniumLibrary">
<doc>Returns the text value of the element identified by ``locator``.</doc>
<arguments>
<arg>xpath:/html/body/div/main/div[1]/h2</arg>
</arguments>
<assign>
<var>${link_text}</var>
</assign>
<msg timestamp="20200421 21:04:40.089" level="INFO">${link_text} = Welcome to Project Booking</msg>
<status status="PASS" starttime="20200421 21:04:39.651" endtime="20200421 21:04:40.090"></status>
</kw>
<kw name="Should Be Equal" library="BuiltIn">
<doc>Fails if the given objects are unequal.</doc>
<arguments>
<arg>${link_text}</arg>
<arg>Welcome to Project Booking</arg>
</arguments>
<status status="PASS" starttime="20200421 21:04:40.090" endtime="20200421 21:04:40.092"></status>
</kw>
<status status="PASS" starttime="20200421 21:04:39.650" endtime="20200421 21:04:40.092"></status>
</kw>
<status status="PASS" starttime="20200421 21:04:37.239" endtime="20200421 21:04:40.093"></status>
</kw>
<kw name="Verify Hotel Residence Agnes Page Loaded WEB8-45" library="keywords">
<kw name="Click Element" library="SeleniumLibrary">
<doc>Click the element identified by ``locator``.</doc>
<arguments>
<arg>xpath://html/body/div/main/div[2]/div[5]/div/div[1]/h4/a</arg>
</arguments>
<msg timestamp="20200421 21:04:40.095" level="INFO">Clicking element 'xpath://html/body/div/main/div[2]/div[5]/div/div[1]/h4/a'.</msg>
<status status="PASS" starttime="20200421 21:04:40.095" endtime="20200421 21:04:41.185"></status>
</kw>
<kw name="Get Text" library="SeleniumLibrary">
<doc>Returns the text value of the element identified by ``locator``.</doc>
<arguments>
<arg>xpath://html/body/div/main/div[1]/h1</arg>
</arguments>
<assign>
<var>${link_text}</var>
</assign>
<msg timestamp="20200421 21:04:41.630" level="INFO">${link_text} = Hotel Residence Agnes</msg>
<status status="PASS" starttime="20200421 21:04:41.185" endtime="20200421 21:04:41.630"></status>
</kw>
<kw name="Should Be Equal" library="BuiltIn">
<doc>Fails if the given objects are unequal.</doc>
<arguments>
<arg>${link_text}</arg>
<arg>Hotel Residence Agnes</arg>
</arguments>
<status status="PASS" starttime="20200421 21:04:41.630" endtime="20200421 21:04:41.631"></status>
</kw>
<kw name="Click Element" library="SeleniumLibrary">
<doc>Click the element identified by ``locator``.</doc>
<arguments>
<arg>xpath://html/body/header/nav/div/a</arg>
</arguments>
<msg timestamp="20200421 21:04:41.631" level="INFO">Clicking element 'xpath://html/body/header/nav/div/a'.</msg>
<status status="PASS" starttime="20200421 21:04:41.631" endtime="20200421 21:04:42.659"></status>
</kw>
<kw name="Verify Page Loaded" library="keywords">
<kw name="Get Text" library="SeleniumLibrary">
<doc>Returns the text value of the element identified by ``locator``.</doc>
<arguments>
<arg>xpath:/html/body/div/main/div[1]/h2</arg>
</arguments>
<assign>
<var>${link_text}</var>
</assign>
<msg timestamp="20200421 21:04:43.101" level="INFO">${link_text} = Welcome to Project Booking</msg>
<status status="PASS" starttime="20200421 21:04:42.660" endtime="20200421 21:04:43.101"></status>
</kw>
<kw name="Should Be Equal" library="BuiltIn">
<doc>Fails if the given objects are unequal.</doc>
<arguments>
<arg>${link_text}</arg>
<arg>Welcome to Project Booking</arg>
</arguments>
<status status="PASS" starttime="20200421 21:04:43.101" endtime="20200421 21:04:43.102"></status>
</kw>
<status status="PASS" starttime="20200421 21:04:42.659" endtime="20200421 21:04:43.103"></status>
</kw>
<status status="PASS" starttime="20200421 21:04:40.093" endtime="20200421 21:04:43.103"></status>
</kw>
<kw name="Verify One Room Hotel Page Loaded WEB8-45" library="keywords">
<kw name="Click Element" library="SeleniumLibrary">
<doc>Click the element identified by ``locator``.</doc>
<arguments>
<arg>xpath://html/body/div/main/div[2]/div[6]/div/div[1]/h4/a</arg>
</arguments>
<msg timestamp="20200421 21:04:43.105" level="INFO">Clicking element 'xpath://html/body/div/main/div[2]/div[6]/div/div[1]/h4/a'.</msg>
<status status="PASS" starttime="20200421 21:04:43.104" endtime="20200421 21:04:44.115"></status>
</kw>
<kw name="Get Text" library="SeleniumLibrary">
<doc>Returns the text value of the element identified by ``locator``.</doc>
<arguments>
<arg>xpath://html/body/div/main/div[1]/h1</arg>
</arguments>
<assign>
<var>${link_text}</var>
</assign>
<msg timestamp="20200421 21:04:44.577" level="INFO">${link_text} = One Room Hotel</msg>
<status status="PASS" starttime="20200421 21:04:44.116" endtime="20200421 21:04:44.577"></status>
</kw>
<kw name="Should Be Equal" library="BuiltIn">
<doc>Fails if the given objects are unequal.</doc>
<arguments>
<arg>${link_text}</arg>
<arg>One Room Hotel</arg>
</arguments>
<status status="PASS" starttime="20200421 21:04:44.577" endtime="20200421 21:04:44.578"></status>
</kw>
<kw name="Click Element" library="SeleniumLibrary">
<doc>Click the element identified by ``locator``.</doc>
<arguments>
<arg>xpath://html/body/header/nav/div/a</arg>
</arguments>
<msg timestamp="20200421 21:04:44.579" level="INFO">Clicking element 'xpath://html/body/header/nav/div/a'.</msg>
<status status="PASS" starttime="20200421 21:04:44.579" endtime="20200421 21:04:45.520"></status>
</kw>
<kw name="Verify Page Loaded" library="keywords">
<kw name="Get Text" library="SeleniumLibrary">
<doc>Returns the text value of the element identified by ``locator``.</doc>
<arguments>
<arg>xpath:/html/body/div/main/div[1]/h2</arg>
</arguments>
<assign>
<var>${link_text}</var>
</assign>
<msg timestamp="20200421 21:04:45.955" level="INFO">${link_text} = Welcome to Project Booking</msg>
<status status="PASS" starttime="20200421 21:04:45.521" endtime="20200421 21:04:45.955"></status>
</kw>
<kw name="Should Be Equal" library="BuiltIn">
<doc>Fails if the given objects are unequal.</doc>
<arguments>
<arg>${link_text}</arg>
<arg>Welcome to Project Booking</arg>
</arguments>
<status status="PASS" starttime="20200421 21:04:45.955" endtime="20200421 21:04:45.956"></status>
</kw>
<status status="PASS" starttime="20200421 21:04:45.520" endtime="20200421 21:04:45.956"></status>
</kw>
<status status="PASS" starttime="20200421 21:04:43.103" endtime="20200421 21:04:45.956"></status>
</kw>
<kw name="Verify The Touch Puerto Banus Hotel Page Loaded WEB8-45" library="keywords">
<kw name="Click Element" library="SeleniumLibrary">
<doc>Click the element identified by ``locator``.</doc>
<arguments>
<arg>xpath://html/body/div/main/div[2]/div[7]/div/div[1]/h4/a</arg>
</arguments>
<msg timestamp="20200421 21:04:45.958" level="INFO">Clicking element 'xpath://html/body/div/main/div[2]/div[7]/div/div[1]/h4/a'.</msg>
<status status="PASS" starttime="20200421 21:04:45.958" endtime="20200421 21:04:46.948"></status>
</kw>
<kw name="Get Text" library="SeleniumLibrary">
<doc>Returns the text value of the element identified by ``locator``.</doc>
<arguments>
<arg>xpath://html/body/div/main/div[1]/h1</arg>
</arguments>
<assign>
<var>${link_text}</var>
</assign>
<msg timestamp="20200421 21:04:47.411" level="INFO">${link_text} = The Touch Puerto Banús</msg>
<status status="PASS" starttime="20200421 21:04:46.949" endtime="20200421 21:04:47.412"></status>
</kw>
<kw name="Should Be Equal" library="BuiltIn">
<doc>Fails if the given objects are unequal.</doc>
<arguments>
<arg>${link_text}</arg>
<arg>The Touch Puerto Banús</arg>
</arguments>
<status status="PASS" starttime="20200421 21:04:47.413" endtime="20200421 21:04:47.416"></status>
</kw>
<kw name="Click Element" library="SeleniumLibrary">
<doc>Click the element identified by ``locator``.</doc>
<arguments>
<arg>xpath://html/body/header/nav/div/a</arg>
</arguments>
<msg timestamp="20200421 21:04:47.418" level="INFO">Clicking element 'xpath://html/body/header/nav/div/a'.</msg>
<status status="PASS" starttime="20200421 21:04:47.417" endtime="20200421 21:04:48.384"></status>
</kw>
<kw name="Verify Page Loaded" library="keywords">
<kw name="Get Text" library="SeleniumLibrary">
<doc>Returns the text value of the element identified by ``locator``.</doc>
<arguments>
<arg>xpath:/html/body/div/main/div[1]/h2</arg>
</arguments>
<assign>
<var>${link_text}</var>
</assign>
<msg timestamp="20200421 21:04:48.830" level="INFO">${link_text} = Welcome to Project Booking</msg>
<status status="PASS" starttime="20200421 21:04:48.385" endtime="20200421 21:04:48.830"></status>
</kw>
<kw name="Should Be Equal" library="BuiltIn">
<doc>Fails if the given objects are unequal.</doc>
<arguments>
<arg>${link_text}</arg>
<arg>Welcome to Project Booking</arg>
</arguments>
<status status="PASS" starttime="20200421 21:04:48.832" endtime="20200421 21:04:48.833"></status>
</kw>
<status status="PASS" starttime="20200421 21:04:48.384" endtime="20200421 21:04:48.834"></status>
</kw>
<status status="PASS" starttime="20200421 21:04:45.957" endtime="20200421 21:04:48.834"></status>
</kw>
<kw name="Verify Amare Beach Hotel Page Loaded WEB8-45" library="keywords">
<kw name="Click Element" library="SeleniumLibrary">
<doc>Click the element identified by ``locator``.</doc>
<arguments>
<arg>xpath://html/body/div/main/div[2]/div[8]/div/div[1]/h4/a</arg>
</arguments>
<msg timestamp="20200421 21:04:48.837" level="INFO">Clicking element 'xpath://html/body/div/main/div[2]/div[8]/div/div[1]/h4/a'.</msg>
<status status="PASS" starttime="20200421 21:04:48.836" endtime="20200421 21:04:49.895"></status>
</kw>
<kw name="Get Text" library="SeleniumLibrary">
<doc>Returns the text value of the element identified by ``locator``.</doc>
<arguments>
<arg>xpath://html/body/div/main/div[1]/h1</arg>
</arguments>
<assign>
<var>${link_text}</var>
</assign>
<msg timestamp="20200421 21:04:50.339" level="INFO">${link_text} = Amàre Beach Hotel</msg>
<status status="PASS" starttime="20200421 21:04:49.896" endtime="20200421 21:04:50.339"></status>
</kw>
<kw name="Should Be Equal" library="BuiltIn">
<doc>Fails if the given objects are unequal.</doc>
<arguments>
<arg>${link_text}</arg>
<arg>Amàre Beach Hotel</arg>
</arguments>
<status status="PASS" starttime="20200421 21:04:50.339" endtime="20200421 21:04:50.340"></status>
</kw>
<kw name="Click Element" library="SeleniumLibrary">
<doc>Click the element identified by ``locator``.</doc>
<arguments>
<arg>xpath://html/body/header/nav/div/a</arg>
</arguments>
<msg timestamp="20200421 21:04:50.340" level="INFO">Clicking element 'xpath://html/body/header/nav/div/a'.</msg>
<status status="PASS" starttime="20200421 21:04:50.340" endtime="20200421 21:04:51.326"></status>
</kw>
<kw name="Verify Page Loaded" library="keywords">
<kw name="Get Text" library="SeleniumLibrary">
<doc>Returns the text value of the element identified by ``locator``.</doc>
<arguments>
<arg>xpath:/html/body/div/main/div[1]/h2</arg>
</arguments>
<assign>
<var>${link_text}</var>
</assign>
<msg timestamp="20200421 21:04:51.771" level="INFO">${link_text} = Welcome to Project Booking</msg>
<status status="PASS" starttime="20200421 21:04:51.327" endtime="20200421 21:04:51.772"></status>
</kw>
<kw name="Should Be Equal" library="BuiltIn">
<doc>Fails if the given objects are unequal.</doc>
<arguments>
<arg>${link_text}</arg>
<arg>Welcome to Project Booking</arg>
</arguments>
<status status="PASS" starttime="20200421 21:04:51.774" endtime="20200421 21:04:51.777"></status>
</kw>
<status status="PASS" starttime="20200421 21:04:51.326" endtime="20200421 21:04:51.778"></status>
</kw>
<status status="PASS" starttime="20200421 21:04:48.835" endtime="20200421 21:04:51.779"></status>
</kw>
<kw name="Verify Marbella Club Hotel Page Loaded WEB8-45" library="keywords">
<kw name="Click Element" library="SeleniumLibrary">
<doc>Click the element identified by ``locator``.</doc>
<arguments>
<arg>xpath://html/body/div/main/div[2]/div[9]/div/div[1]/h4/a</arg>
</arguments>
<msg timestamp="20200421 21:04:51.786" level="INFO">Clicking element 'xpath://html/body/div/main/div[2]/div[9]/div/div[1]/h4/a'.</msg>
<status status="PASS" starttime="20200421 21:04:51.781" endtime="20200421 21:04:52.864"></status>
</kw>
<kw name="Get Text" library="SeleniumLibrary">
<doc>Returns the text value of the element identified by ``locator``.</doc>
<arguments>
<arg>xpath://html/body/div/main/div[1]/h1</arg>
</arguments>
<assign>
<var>${link_text}</var>
</assign>
<msg timestamp="20200421 21:04:53.313" level="INFO">${link_text} = Marbella Club Hotel</msg>
<status status="PASS" starttime="20200421 21:04:52.864" endtime="20200421 21:04:53.313"></status>
</kw>
<kw name="Should Be Equal" library="BuiltIn">
<doc>Fails if the given objects are unequal.</doc>
<arguments>
<arg>${link_text}</arg>
<arg>Marbella Club Hotel</arg>
</arguments>
<status status="PASS" starttime="20200421 21:04:53.314" endtime="20200421 21:04:53.315"></status>
</kw>
<kw name="Click Element" library="SeleniumLibrary">
<doc>Click the element identified by ``locator``.</doc>
<arguments>
<arg>xpath://html/body/header/nav/div/a</arg>
</arguments>
<msg timestamp="20200421 21:04:53.316" level="INFO">Clicking element 'xpath://html/body/header/nav/div/a'.</msg>
<status status="PASS" starttime="20200421 21:04:53.315" endtime="20200421 21:04:54.319"></status>
</kw>
<kw name="Verify Page Loaded" library="keywords">
<kw name="Get Text" library="SeleniumLibrary">
<doc>Returns the text value of the element identified by ``locator``.</doc>
<arguments>
<arg>xpath:/html/body/div/main/div[1]/h2</arg>
</arguments>
<assign>
<var>${link_text}</var>
</assign>
<msg timestamp="20200421 21:04:54.760" level="INFO">${link_text} = Welcome to Project Booking</msg>
<status status="PASS" starttime="20200421 21:04:54.320" endtime="20200421 21:04:54.760"></status>
</kw>
<kw name="Should Be Equal" library="BuiltIn">
<doc>Fails if the given objects are unequal.</doc>
<arguments>
<arg>${link_text}</arg>
<arg>Welcome to Project Booking</arg>
</arguments>
<status status="PASS" starttime="20200421 21:04:54.760" endtime="20200421 21:04:54.761"></status>
</kw>
<status status="PASS" starttime="20200421 21:04:54.319" endtime="20200421 21:04:54.761"></status>
</kw>
<status status="PASS" starttime="20200421 21:04:51.780" endtime="20200421 21:04:54.761"></status>
</kw>
<status status="PASS" starttime="20200421 21:04:28.262" endtime="20200421 21:04:54.761"></status>
</kw>
<kw name="End Web Test" library="keywords" type="teardown">
<kw name="Close Browser" library="SeleniumLibrary">
<doc>Closes the current browser.</doc>
<status status="PASS" starttime="20200421 21:04:54.762" endtime="20200421 21:04:57.167"></status>
</kw>
<status status="PASS" starttime="20200421 21:04:54.762" endtime="20200421 21:04:57.167"></status>
</kw>
<doc>Hotels and the information about them</doc>
<tags>
<tag>Test 9</tag>
</tags>
<status status="PASS" starttime="20200421 21:04:13.684" endtime="20200421 21:04:57.168" critical="yes"></status>
</test>
<doc>This is some basic info about the whole test suite</doc>
<status status="PASS" starttime="20200421 21:01:43.546" endtime="20200421 21:04:57.181"></status>
</suite>
<status status="PASS" starttime="20200421 21:01:43.491" endtime="20200421 21:04:57.215"></status>
</suite>
<statistics>
<total>
<stat pass="7" fail="0">Critical Tests</stat>
<stat pass="7" fail="0">All Tests</stat>
</total>
<tag>
<stat pass="1" fail="0">Test 1</stat>
<stat pass="1" fail="0">Test 2</stat>
<stat pass="1" fail="0">Test 3</stat>
<stat pass="1" fail="0">Test 5</stat>
<stat pass="1" fail="0">Test 7</stat>
<stat pass="1" fail="0">Test 8</stat>
<stat pass="1" fail="0">Test 9</stat>
</tag>
<suite>
<stat pass="7" fail="0" id="s1" name="Tests">Tests</stat>
<stat pass="7" fail="0" id="s1-s1" name="ProjectBooking">Tests.ProjectBooking</stat>
</suite>
</statistics>
<errors>
</errors>
</robot>
